#
# There is insufficient memory for the Java Runtime Environment to continue.
# Native memory allocation (malloc) failed to allocate 32744 bytes for ChunkPool::allocate
# Possible reasons:
#   The system is out of physical RAM or swap space
#   The process is running with CompressedOops enabled, and the Java Heap may be blocking the growth of the native heap
# Possible solutions:
#   Reduce memory load on the system
#   Increase physical memory or swap space
#   Check if swap backing store is full
#   Decrease Java heap size (-Xmx/-Xms)
#   Decrease number of Java threads
#   Decrease Java thread stack sizes (-Xss)
#   Set larger code cache with -XX:ReservedCodeCacheSize=
#   JVM is running with Unscaled Compressed Oops mode in which the Java heap is
#     placed in the first 4GB address space. The Java Heap base address is the
#     maximum limit for the native heap growth. Please use -XX:HeapBaseMinAddress
#     to set the Java Heap base and to place the Java Heap above 4GB virtual address.
# This output file may be truncated or incomplete.
#
#  Out of Memory Error (allocation.cpp:272), pid=1384, tid=0x0000000000000868
#
# JRE version: OpenJDK Runtime Environment (8.0_242-b01) (build 1.8.0_242-release-1644-b01)
# Java VM: OpenJDK 64-Bit Server VM (25.242-b01 mixed mode windows-amd64 compressed oops)
# Failed to write core dump. Minidumps are not enabled by default on client versions of Windows
#

---------------  T H R E A D  ---------------

Current thread (0x0000000017e1c000):  JavaThread "C2 CompilerThread1" daemon [_thread_in_native, id=2152, stack(0x0000000019570000,0x0000000019670000)]

Stack: [0x0000000019570000,0x0000000019670000]
[error occurred during error reporting (printing stack bounds), id 0xc0000005]

Native frames: (J=compiled Java code, j=interpreted, Vv=VM code, C=native code)


Current CompileTask:
C2:  61360 10478       4       org.gradle.internal.logging.sink.OutputEventTransformer::onOutput (399 bytes)


---------------  P R O C E S S  ---------------

Java Threads: ( => current thread )
  0x000000001fc66000 JavaThread "pool-3-thread-1" [_thread_blocked, id=11220, stack(0x0000000029960000,0x0000000029a60000)]
  0x000000001fc69800 JavaThread "Cache worker for Build Output Cleanup Cache (C:\Users\TechLine\AndroidStudioProjects\MealRecipes\.gradle\buildOutputCleanup)" [_thread_blocked, id=12568, stack(0x0000000023b60000,0x0000000023c60000)]
  0x000000001fc69000 JavaThread "Build operations Thread 4" [_thread_blocked, id=7440, stack(0x0000000023a60000,0x0000000023b60000)]
  0x000000001fc68000 JavaThread "Build operations Thread 3" [_thread_blocked, id=5492, stack(0x0000000023960000,0x0000000023a60000)]
  0x000000001fc67800 JavaThread "Build operations Thread 2" [_thread_blocked, id=5076, stack(0x0000000023860000,0x0000000023960000)]
  0x000000001fc66800 JavaThread "Build operations" [_thread_blocked, id=11292, stack(0x00000000208b0000,0x00000000209b0000)]
  0x000000001fc5c000 JavaThread "Cache worker for cache directory md-rule (C:\Users\TechLine\.gradle\caches\6.5\md-rule)" [_thread_blocked, id=6044, stack(0x00000000203b0000,0x00000000204b0000)]
  0x000000001fc60000 JavaThread "Cache worker for cache directory md-supplier (C:\Users\TechLine\.gradle\caches\6.5\md-supplier)" [_thread_blocked, id=13292, stack(0x000000001d910000,0x000000001da10000)]
  0x000000001fc61800 JavaThread "Cache worker for checksums cache (C:\Users\TechLine\AndroidStudioProjects\MealRecipes\.gradle\checksums)" [_thread_blocked, id=7712, stack(0x000000001d810000,0x000000001d910000)]
  0x000000001fc5f000 JavaThread "Cache worker for file hash cache (C:\Users\TechLine\AndroidStudioProjects\MealRecipes\.gradle\6.5\fileHashes)" [_thread_blocked, id=9136, stack(0x000000001d710000,0x000000001d810000)]
  0x000000001fc62000 JavaThread "Thread-131" [_thread_blocked, id=4044, stack(0x000000001d510000,0x000000001d610000)]
  0x000000001fc5d800 JavaThread "Stdin handler" [_thread_blocked, id=2792, stack(0x000000001d410000,0x000000001d510000)]
  0x000000001fc5e800 JavaThread "Asynchronous log dispatcher for DefaultDaemonConnection: socket connection from /127.0.0.1:61238 to /127.0.0.1:61256" [_thread_blocked, id=3192, stack(0x00000000014f0000,0x00000000015f0000)]
  0x000000001fc5d000 JavaThread "Cancel handler" [_thread_blocked, id=2948, stack(0x00000000013d0000,0x00000000014d0000)]
  0x000000001fc60800 JavaThread "Handler for socket connection from /127.0.0.1:61238 to /127.0.0.1:61256" [_thread_in_native, id=4444, stack(0x00000000011d0000,0x00000000012d0000)]
  0x000000001990c000 JavaThread "Cache worker for Java compile cache (C:\Users\TechLine\.gradle\caches\6.5\javaCompile)" [_thread_blocked, id=12128, stack(0x000000002baa0000,0x000000002bba0000)]
  0x0000000019903000 JavaThread "Memory manager" [_thread_blocked, id=924, stack(0x0000000029bc0000,0x0000000029cc0000)]
  0x000000001c4fe800 JavaThread "jar transforms Thread 92" [_thread_blocked, id=10136, stack(0x0000000029660000,0x0000000029760000)]
  0x000000001c4f7000 JavaThread "jar transforms Thread 91" [_thread_blocked, id=8428, stack(0x0000000029560000,0x0000000029660000)]
  0x000000001c4fd800 JavaThread "jar transforms Thread 90" [_thread_blocked, id=5396, stack(0x0000000029460000,0x0000000029560000)]
  0x000000001c4fd000 JavaThread "jar transforms Thread 89" [_thread_blocked, id=3608, stack(0x0000000029360000,0x0000000029460000)]
  0x000000001c4fc000 JavaThread "jar transforms Thread 88" [_thread_blocked, id=12496, stack(0x0000000029260000,0x0000000029360000)]
  0x000000001c4fb800 JavaThread "jar transforms Thread 87" [_thread_blocked, id=3084, stack(0x0000000029160000,0x0000000029260000)]
  0x000000001c4fa800 JavaThread "jar transforms Thread 86" [_thread_blocked, id=9176, stack(0x0000000029060000,0x0000000029160000)]
  0x000000001c4f4000 JavaThread "jar transforms Thread 85" [_thread_blocked, id=8396, stack(0x0000000028f60000,0x0000000029060000)]
  0x000000001c4f3000 JavaThread "jar transforms Thread 84" [_thread_blocked, id=2328, stack(0x0000000028e60000,0x0000000028f60000)]
  0x000000001c4f6000 JavaThread "jar transforms Thread 83" [_thread_blocked, id=7048, stack(0x0000000028d60000,0x0000000028e60000)]
  0x000000001c4fa000 JavaThread "jar transforms Thread 82" [_thread_blocked, id=7740, stack(0x0000000028c60000,0x0000000028d60000)]
  0x000000001c4f2800 JavaThread "jar transforms Thread 81" [_thread_blocked, id=12608, stack(0x0000000028b60000,0x0000000028c60000)]
  0x000000001c4f5800 JavaThread "jar transforms Thread 80" [_thread_blocked, id=9332, stack(0x0000000028a60000,0x0000000028b60000)]
  0x000000001c4f9000 JavaThread "jar transforms Thread 79" [_thread_blocked, id=2876, stack(0x0000000028960000,0x0000000028a60000)]
  0x000000001c4f4800 JavaThread "jar transforms Thread 78" [_thread_blocked, id=12160, stack(0x0000000028860000,0x0000000028960000)]
  0x000000001c4f7800 JavaThread "jar transforms Thread 77" [_thread_blocked, id=2104, stack(0x0000000028760000,0x0000000028860000)]
  0x000000001c4f8800 JavaThread "jar transforms Thread 76" [_thread_blocked, id=7580, stack(0x0000000028660000,0x0000000028760000)]
  0x000000001c4f1800 JavaThread "jar transforms Thread 75" [_thread_blocked, id=11164, stack(0x0000000028560000,0x0000000028660000)]
  0x000000001a464000 JavaThread "jar transforms Thread 74" [_thread_blocked, id=7820, stack(0x0000000028460000,0x0000000028560000)]
  0x000000001a462800 JavaThread "jar transforms Thread 73" [_thread_blocked, id=8752, stack(0x0000000028360000,0x0000000028460000)]
  0x000000001a463800 JavaThread "jar transforms Thread 72" [_thread_blocked, id=4036, stack(0x0000000028260000,0x0000000028360000)]
  0x000000001a462000 JavaThread "jar transforms Thread 71" [_thread_blocked, id=3984, stack(0x0000000028160000,0x0000000028260000)]
  0x000000001a461000 JavaThread "jar transforms Thread 70" [_thread_blocked, id=2544, stack(0x0000000028060000,0x0000000028160000)]
  0x000000001a459800 JavaThread "jar transforms Thread 69" [_thread_blocked, id=8228, stack(0x0000000027f60000,0x0000000028060000)]
  0x000000001a460800 JavaThread "jar transforms Thread 68" [_thread_blocked, id=7640, stack(0x0000000027e60000,0x0000000027f60000)]
  0x000000001a459000 JavaThread "jar transforms Thread 67" [_thread_blocked, id=7612, stack(0x0000000027d60000,0x0000000027e60000)]
  0x000000001a45d800 JavaThread "jar transforms Thread 66" [_thread_blocked, id=6064, stack(0x0000000027c60000,0x0000000027d60000)]
  0x000000001a45e000 JavaThread "jar transforms Thread 65" [_thread_blocked, id=1892, stack(0x0000000027b60000,0x0000000027c60000)]
  0x000000001a45f800 JavaThread "jar transforms Thread 64" [_thread_blocked, id=7424, stack(0x0000000027a60000,0x0000000027b60000)]
  0x000000001a458000 JavaThread "jar transforms Thread 63" [_thread_blocked, id=3676, stack(0x0000000027960000,0x0000000027a60000)]
  0x000000001a45b000 JavaThread "jar transforms Thread 62" [_thread_blocked, id=10676, stack(0x0000000027860000,0x0000000027960000)]
  0x000000001a45f000 JavaThread "jar transforms Thread 61" [_thread_blocked, id=12744, stack(0x0000000027760000,0x0000000027860000)]
  0x000000001a45c800 JavaThread "jar transforms Thread 60" [_thread_blocked, id=3692, stack(0x0000000027660000,0x0000000027760000)]
  0x000000001a457800 JavaThread "jar transforms Thread 59" [_thread_blocked, id=4576, stack(0x0000000027560000,0x0000000027660000)]
  0x000000001a45c000 JavaThread "jar transforms Thread 58" [_thread_blocked, id=332, stack(0x0000000027460000,0x0000000027560000)]
  0x000000001a455000 JavaThread "jar transforms Thread 57" [_thread_blocked, id=9612, stack(0x0000000027360000,0x0000000027460000)]
  0x000000001a456800 JavaThread "jar transforms Thread 56" [_thread_blocked, id=9088, stack(0x0000000027260000,0x0000000027360000)]
  0x000000001a456000 JavaThread "jar transforms Thread 55" [_thread_blocked, id=12344, stack(0x0000000027160000,0x0000000027260000)]
  0x000000001a45a800 JavaThread "jar transforms Thread 54" [_thread_blocked, id=11444, stack(0x0000000027060000,0x0000000027160000)]
  0x000000001e882800 JavaThread "jar transforms Thread 53" [_thread_blocked, id=7148, stack(0x0000000026f60000,0x0000000027060000)]
  0x000000001e881000 JavaThread "jar transforms Thread 52" [_thread_blocked, id=4764, stack(0x0000000026e60000,0x0000000026f60000)]
  0x000000001e87f800 JavaThread "jar transforms Thread 51" [_thread_blocked, id=12588, stack(0x0000000026d60000,0x0000000026e60000)]
  0x000000001e880800 JavaThread "jar transforms Thread 50" [_thread_blocked, id=7708, stack(0x0000000026c60000,0x0000000026d60000)]
  0x000000001e87f000 JavaThread "jar transforms Thread 49" [_thread_blocked, id=888, stack(0x0000000026b60000,0x0000000026c60000)]
  0x000000001e882000 JavaThread "jar transforms Thread 48" [_thread_blocked, id=2088, stack(0x0000000026a60000,0x0000000026b60000)]
  0x000000001e879000 JavaThread "jar transforms Thread 47" [_thread_blocked, id=8592, stack(0x0000000026960000,0x0000000026a60000)]
  0x000000001e87e000 JavaThread "jar transforms Thread 46" [_thread_blocked, id=9256, stack(0x0000000026860000,0x0000000026960000)]
  0x000000001e87d800 JavaThread "jar transforms Thread 45" [_thread_blocked, id=12912, stack(0x0000000026760000,0x0000000026860000)]
  0x000000001e876000 JavaThread "jar transforms Thread 44" [_thread_blocked, id=12376, stack(0x0000000026660000,0x0000000026760000)]
  0x000000001e87c800 JavaThread "jar transforms Thread 43" [_thread_blocked, id=3604, stack(0x0000000026560000,0x0000000026660000)]
  0x000000001e87c000 JavaThread "jar transforms Thread 42" [_thread_blocked, id=2592, stack(0x0000000026460000,0x0000000026560000)]
  0x000000001e878000 JavaThread "jar transforms Thread 41" [_thread_blocked, id=10940, stack(0x0000000026360000,0x0000000026460000)]
  0x000000001e877800 JavaThread "jar transforms Thread 40" [_thread_blocked, id=7724, stack(0x0000000026260000,0x0000000026360000)]
  0x000000001e876800 JavaThread "jar transforms Thread 39" [_thread_blocked, id=2536, stack(0x0000000026160000,0x0000000026260000)]
  0x000000001e87b000 JavaThread "jar transforms Thread 38" [_thread_blocked, id=10776, stack(0x0000000026060000,0x0000000026160000)]
  0x000000001e873800 JavaThread "jar transforms Thread 37" [_thread_blocked, id=12488, stack(0x0000000025f60000,0x0000000026060000)]
  0x000000001e879800 JavaThread "jar transforms Thread 36" [_thread_blocked, id=3764, stack(0x0000000025e60000,0x0000000025f60000)]
  0x000000001e875000 JavaThread "jar transforms Thread 35" [_thread_blocked, id=3612, stack(0x0000000025d60000,0x0000000025e60000)]
  0x000000001e874000 JavaThread "jar transforms Thread 34" [_thread_blocked, id=7756, stack(0x0000000025c60000,0x0000000025d60000)]
  0x000000001e87a800 JavaThread "jar transforms Thread 33" [_thread_blocked, id=5536, stack(0x0000000025b60000,0x0000000025c60000)]
  0x000000001df3c800 JavaThread "jar transforms Thread 32" [_thread_blocked, id=10152, stack(0x0000000025a60000,0x0000000025b60000)]
  0x000000001df3c000 JavaThread "jar transforms Thread 31" [_thread_blocked, id=8392, stack(0x0000000025960000,0x0000000025a60000)]
  0x000000001df39800 JavaThread "jar transforms Thread 30" [_thread_blocked, id=8324, stack(0x0000000025860000,0x0000000025960000)]
  0x000000001df40800 JavaThread "jar transforms Thread 29" [_thread_blocked, id=3920, stack(0x0000000025760000,0x0000000025860000)]
  0x000000001df3e000 JavaThread "jar transforms Thread 28" [_thread_blocked, id=12064, stack(0x0000000025660000,0x0000000025760000)]
  0x000000001df3d800 JavaThread "jar transforms Thread 27" [_thread_blocked, id=11324, stack(0x0000000025560000,0x0000000025660000)]
  0x000000001df3f000 JavaThread "jar transforms Thread 26" [_thread_blocked, id=6832, stack(0x0000000025460000,0x0000000025560000)]
  0x000000001df39000 JavaThread "jar transforms Thread 25" [_thread_blocked, id=4920, stack(0x0000000025360000,0x0000000025460000)]
  0x000000001df3f800 JavaThread "jar transforms Thread 24" [_thread_blocked, id=6884, stack(0x0000000025260000,0x0000000025360000)]
  0x000000001df3a800 JavaThread "jar transforms Thread 23" [_thread_blocked, id=11364, stack(0x0000000025160000,0x0000000025260000)]
  0x000000001df3b000 JavaThread "jar transforms Thread 22" [_thread_blocked, id=2368, stack(0x0000000025060000,0x0000000025160000)]
  0x000000001df33000 JavaThread "jar transforms Thread 21" [_thread_blocked, id=5580, stack(0x0000000024f60000,0x0000000025060000)]
  0x000000001df31800 JavaThread "jar transforms Thread 20" [_thread_blocked, id=8860, stack(0x0000000024e60000,0x0000000024f60000)]
  0x000000001df32000 JavaThread "jar transforms Thread 19" [_thread_blocked, id=1600, stack(0x0000000024d60000,0x0000000024e60000)]
  0x000000001df37800 JavaThread "jar transforms Thread 18" [_thread_blocked, id=8236, stack(0x0000000024c60000,0x0000000024d60000)]
  0x000000001df36800 JavaThread "jar transforms Thread 17" [_thread_blocked, id=5844, stack(0x0000000024b60000,0x0000000024c60000)]
  0x000000001df36000 JavaThread "jar transforms Thread 16" [_thread_blocked, id=12832, stack(0x0000000024a60000,0x0000000024b60000)]
  0x000000001df38000 JavaThread "jar transforms Thread 15" [_thread_blocked, id=11024, stack(0x0000000024960000,0x0000000024a60000)]
  0x000000001df35000 JavaThread "jar transforms Thread 14" [_thread_blocked, id=5360, stack(0x0000000024860000,0x0000000024960000)]
  0x000000001df34800 JavaThread "jar transforms Thread 13" [_thread_blocked, id=5052, stack(0x0000000024760000,0x0000000024860000)]
  0x000000001df33800 JavaThread "jar transforms Thread 12" [_thread_blocked, id=2352, stack(0x0000000024660000,0x0000000024760000)]
  0x000000001e64b800 JavaThread "jar transforms Thread 11" [_thread_blocked, id=6268, stack(0x0000000024560000,0x0000000024660000)]
  0x000000001e649000 JavaThread "jar transforms Thread 10" [_thread_blocked, id=1132, stack(0x0000000024460000,0x0000000024560000)]
  0x000000001e64a000 JavaThread "jar transforms Thread 9" [_thread_blocked, id=6496, stack(0x0000000024360000,0x0000000024460000)]
  0x000000001e64e800 JavaThread "jar transforms Thread 8" [_thread_blocked, id=5764, stack(0x0000000024260000,0x0000000024360000)]
  0x000000001e647800 JavaThread "jar transforms Thread 7" [_thread_blocked, id=260, stack(0x0000000024160000,0x0000000024260000)]
  0x000000001e64a800 JavaThread "jar transforms Thread 6" [_thread_blocked, id=11348, stack(0x0000000024060000,0x0000000024160000)]
  0x000000001e64d800 JavaThread "jar transforms Thread 5" [_thread_blocked, id=5040, stack(0x0000000023f60000,0x0000000024060000)]
  0x000000001e64c000 JavaThread "jar transforms Thread 4" [_thread_blocked, id=7836, stack(0x0000000023e60000,0x0000000023f60000)]
  0x000000001e648800 JavaThread "jar transforms Thread 3" [_thread_blocked, id=11400, stack(0x0000000023d60000,0x0000000023e60000)]
  0x000000001e64d000 JavaThread "jar transforms Thread 2" [_thread_blocked, id=5268, stack(0x0000000023c60000,0x0000000023d60000)]
  0x000000001bd9d800 JavaThread "Cache worker for file content cache (C:\Users\TechLine\.gradle\caches\6.5\fileContent)" [_thread_blocked, id=8748, stack(0x0000000022190000,0x0000000022290000)]
  0x000000001bd9c800 JavaThread "jar transforms" [_thread_blocked, id=13124, stack(0x0000000020ab0000,0x0000000020bb0000)]
  0x000000001bd9e000 JavaThread "Cache worker for execution history cache (C:\Users\TechLine\.gradle\caches\6.5\executionHistory)" [_thread_blocked, id=10720, stack(0x00000000209b0000,0x0000000020ab0000)]
  0x000000001bd99800 JavaThread "Cache worker for file hash cache (C:\Users\TechLine\.gradle\caches\6.5\fileHashes)" [_thread_blocked, id=9696, stack(0x000000001eee0000,0x000000001efe0000)]
  0x000000001bd99000 JavaThread "File lock request listener" [_thread_in_native, id=5256, stack(0x000000001dd10000,0x000000001de10000)]
  0x000000001b388000 JavaThread "Cache worker for journal cache (C:\Users\TechLine\.gradle\caches\journal-1)" [_thread_blocked, id=8432, stack(0x000000001dc10000,0x000000001dd10000)]
  0x000000001badd000 JavaThread "Daemon worker" [_thread_in_vm, id=6680, stack(0x000000001d610000,0x000000001d710000)]
  0x000000001a7d8000 JavaThread "Daemon" [_thread_blocked, id=12508, stack(0x000000001d110000,0x000000001d210000)]
  0x000000001baa8800 JavaThread "Daemon periodic checks" [_thread_blocked, id=240, stack(0x000000001d010000,0x000000001d110000)]
  0x000000001baa5800 JavaThread "Incoming local TCP Connector on port 61238" [_thread_in_native, id=2312, stack(0x000000001cdc0000,0x000000001cec0000)]
  0x0000000019b15000 JavaThread "Daemon health stats" [_thread_blocked, id=10476, stack(0x000000001c780000,0x000000001c880000)]
  0x0000000017e6e000 JavaThread "Service Thread" daemon [_thread_blocked, id=6516, stack(0x0000000019b70000,0x0000000019c70000)]
  0x0000000017e1f000 JavaThread "C1 CompilerThread2" daemon [_thread_in_native, id=10756, stack(0x0000000019670000,0x0000000019770000)]
=>0x0000000017e1c000 JavaThread "C2 CompilerThread1" daemon [_thread_in_native, id=2152, stack(0x0000000019570000,0x0000000019670000)]
  0x0000000017e18000 JavaThread "C2 CompilerThread0" daemon [_thread_in_native, id=12884, stack(0x0000000019470000,0x0000000019570000)]
  0x0000000017e16800 JavaThread "Attach Listener" daemon [_thread_blocked, id=3272, stack(0x0000000019370000,0x0000000019470000)]
  0x0000000017e15000 JavaThread "Signal Dispatcher" daemon [_thread_blocked, id=3484, stack(0x0000000019270000,0x0000000019370000)]
  0x000000000310b000 JavaThread "Finalizer" daemon [_thread_blocked, id=8544, stack(0x0000000019060000,0x0000000019160000)]
  0x0000000017df9000 JavaThread "Reference Handler" daemon [_thread_blocked, id=10084, stack(0x0000000018f60000,0x0000000019060000)]
  0x00000000031ed800 JavaThread "main" [_thread_blocked, id=12360, stack(0x0000000002e50000,0x0000000002f50000)]

Other Threads:
  0x0000000017dd6000 VMThread [stack: 0x0000000018e60000,0x0000000018f60000] [id=4084]
  0x00000000197c1000 WatcherThread [stack: 0x0000000019c70000,0x0000000019d70000] [id=3600]

VM state:not at safepoint (normal execution)

VM Mutex/Monitor currently owned by a thread: None

heap address: 0x0000000080000000, size: 2048 MB, Compressed Oops mode: 32-bit
Narrow klass base: 0x0000000000000000, Narrow klass shift: 3
Compressed class space size: 1073741824 Address: 0x0000000100000000

Heap:
 PSYoungGen      total 266240K, used 108309K [0x00000000d5580000, 0x00000000eba80000, 0x0000000100000000)
  eden space 244224K, 35% used [0x00000000d5580000,0x00000000da9c5a40,0x00000000e4400000)
  from space 22016K, 99% used [0x00000000e4400000,0x00000000e597fc10,0x00000000e5980000)
  to   space 30720K, 0% used [0x00000000e9c80000,0x00000000e9c80000,0x00000000eba80000)
 ParOldGen       total 105984K, used 52857K [0x0000000080000000, 0x0000000086780000, 0x00000000d5580000)
  object space 105984K, 49% used [0x0000000080000000,0x000000008339e790,0x0000000086780000)
 Metaspace       used 86072K, capacity 90492K, committed 90648K, reserved 1128448K
  class space    used 11755K, capacity 12578K, committed 12592K, reserved 1048576K

Card table byte_map: [0x00000000125b0000,0x00000000129c0000] byte_map_base: 0x00000000121b0000

Marking Bits: (ParMarkBitMap*) 0x0000000063f4f030
 Begin Bits: [0x0000000013070000, 0x0000000015070000)
 End Bits:   [0x0000000015070000, 0x0000000017070000)

Polling page: 0x0000000002f50000

CodeCache: size=245760Kb used=27478Kb max_used=27671Kb free=218281Kb
 bounds [0x00000000031f0000, 0x0000000004d40000, 0x00000000121f0000]
 total_blobs=9777 nmethods=8925 adapters=765
 compilation: enabled

Compilation events (10 events):
Event: 61.350 Thread 0x0000000017e1f000 nmethod 10492 0x00000000045e8fd0 code [0x00000000045e9120, 0x00000000045e9210]
Event: 61.351 Thread 0x0000000017e1f000 10493       3       org.gradle.api.internal.collections.AbstractIterationOrderRetainingElementSource::constantTimeIsEmpty (10 bytes)
Event: 61.351 Thread 0x0000000017e1f000 nmethod 10493 0x0000000003e74d10 code [0x0000000003e74e80, 0x0000000003e750a8]
Event: 61.352 Thread 0x0000000017e1f000 10494       3       org.gradle.internal.Actions$NullAction::execute (1 bytes)
Event: 61.352 Thread 0x0000000017e1f000 nmethod 10494 0x0000000003e749d0 code [0x0000000003e74b20, 0x0000000003e74c70]
Event: 61.353 Thread 0x0000000017e1f000 10495       3       org.gradle.internal.event.BroadcastDispatch$CompositeDispatch::<init> (12 bytes)
Event: 61.354 Thread 0x0000000017e1f000 nmethod 10495 0x0000000003e743d0 code [0x0000000003e74540, 0x0000000003e74850]
Event: 61.354 Thread 0x0000000017e1f000 10496       3       com.android.build.gradle.internal.api.DefaultAndroidSourceSet_Decorated::getName (40 bytes)
Event: 61.355 Thread 0x0000000017e1f000 nmethod 10496 0x0000000003e73850 code [0x0000000003e73a20, 0x0000000003e74108]
Event: 61.355 Thread 0x0000000017e1f000 10497       3       org.gradle.util.NameValidator::validate (172 bytes)

GC Heap History (10 events):
Event: 11.636 GC heap before
{Heap before GC invocations=12 (full 2):
 PSYoungGen      total 140288K, used 129024K [0x00000000d5580000, 0x00000000e2800000, 0x0000000100000000)
  eden space 129024K, 100% used [0x00000000d5580000,0x00000000dd380000,0x00000000dd380000)
  from space 11264K, 0% used [0x00000000dd380000,0x00000000dd380000,0x00000000dde80000)
  to   space 12800K, 0% used [0x00000000e1b80000,0x00000000e1b80000,0x00000000e2800000)
 ParOldGen       total 67584K, used 17281K [0x0000000080000000, 0x0000000084200000, 0x00000000d5580000)
  object space 67584K, 25% used [0x0000000080000000,0x00000000810e0498,0x0000000084200000)
 Metaspace       used 41112K, capacity 42826K, committed 42920K, reserved 1085440K
  class space    used 5629K, capacity 6011K, committed 6064K, reserved 1048576K
Event: 11.653 GC heap after
Heap after GC invocations=12 (full 2):
 PSYoungGen      total 192512K, used 10660K [0x00000000d5580000, 0x00000000e2600000, 0x0000000100000000)
  eden space 181760K, 0% used [0x00000000d5580000,0x00000000d5580000,0x00000000e0700000)
  from space 10752K, 99% used [0x00000000e1b80000,0x00000000e25e9000,0x00000000e2600000)
  to   space 13824K, 0% used [0x00000000e0b00000,0x00000000e0b00000,0x00000000e1880000)
 ParOldGen       total 67584K, used 17289K [0x0000000080000000, 0x0000000084200000, 0x00000000d5580000)
  object space 67584K, 25% used [0x0000000080000000,0x00000000810e2498,0x0000000084200000)
 Metaspace       used 41112K, capacity 42826K, committed 42920K, reserved 1085440K
  class space    used 5629K, capacity 6011K, committed 6064K, reserved 1048576K
}
Event: 15.875 GC heap before
{Heap before GC invocations=13 (full 2):
 PSYoungGen      total 192512K, used 182757K [0x00000000d5580000, 0x00000000e2600000, 0x0000000100000000)
  eden space 181760K, 94% used [0x00000000d5580000,0x00000000dfd90690,0x00000000e0700000)
  from space 10752K, 99% used [0x00000000e1b80000,0x00000000e25e9000,0x00000000e2600000)
  to   space 13824K, 0% used [0x00000000e0b00000,0x00000000e0b00000,0x00000000e1880000)
 ParOldGen       total 67584K, used 17289K [0x0000000080000000, 0x0000000084200000, 0x00000000d5580000)
  object space 67584K, 25% used [0x0000000080000000,0x00000000810e2498,0x0000000084200000)
 Metaspace       used 56550K, capacity 58928K, committed 59160K, reserved 1099776K
  class space    used 7740K, capacity 8209K, committed 8240K, reserved 1048576K
Event: 15.938 GC heap after
Heap after GC invocations=13 (full 2):
 PSYoungGen      total 199680K, used 13820K [0x00000000d5580000, 0x00000000e7280000, 0x0000000100000000)
  eden space 185856K, 0% used [0x00000000d5580000,0x00000000d5580000,0x00000000e0b00000)
  from space 13824K, 99% used [0x00000000e0b00000,0x00000000e187f0d8,0x00000000e1880000)
  to   space 20480K, 0% used [0x00000000e5e80000,0x00000000e5e80000,0x00000000e7280000)
 ParOldGen       total 67584K, used 29980K [0x0000000080000000, 0x0000000084200000, 0x00000000d5580000)
  object space 67584K, 44% used [0x0000000080000000,0x0000000081d472e0,0x0000000084200000)
 Metaspace       used 56550K, capacity 58928K, committed 59160K, reserved 1099776K
  class space    used 7740K, capacity 8209K, committed 8240K, reserved 1048576K
}
Event: 15.938 GC heap before
{Heap before GC invocations=14 (full 3):
 PSYoungGen      total 199680K, used 13820K [0x00000000d5580000, 0x00000000e7280000, 0x0000000100000000)
  eden space 185856K, 0% used [0x00000000d5580000,0x00000000d5580000,0x00000000e0b00000)
  from space 13824K, 99% used [0x00000000e0b00000,0x00000000e187f0d8,0x00000000e1880000)
  to   space 20480K, 0% used [0x00000000e5e80000,0x00000000e5e80000,0x00000000e7280000)
 ParOldGen       total 67584K, used 29980K [0x0000000080000000, 0x0000000084200000, 0x00000000d5580000)
  object space 67584K, 44% used [0x0000000080000000,0x0000000081d472e0,0x0000000084200000)
 Metaspace       used 56550K, capacity 58928K, committed 59160K, reserved 1099776K
  class space    used 7740K, capacity 8209K, committed 8240K, reserved 1048576K
Event: 16.328 GC heap after
Heap after GC invocations=14 (full 3):
 PSYoungGen      total 199680K, used 0K [0x00000000d5580000, 0x00000000e7280000, 0x0000000100000000)
  eden space 185856K, 0% used [0x00000000d5580000,0x00000000d5580000,0x00000000e0b00000)
  from space 13824K, 0% used [0x00000000e0b00000,0x00000000e0b00000,0x00000000e1880000)
  to   space 20480K, 0% used [0x00000000e5e80000,0x00000000e5e80000,0x00000000e7280000)
 ParOldGen       total 105984K, used 38183K [0x0000000080000000, 0x0000000086780000, 0x00000000d5580000)
  object space 105984K, 36% used [0x0000000080000000,0x0000000082549db0,0x0000000086780000)
 Metaspace       used 56527K, capacity 58850K, committed 59160K, reserved 1099776K
  class space    used 7733K, capacity 8196K, committed 8240K, reserved 1048576K
}
Event: 20.613 GC heap before
{Heap before GC invocations=15 (full 3):
 PSYoungGen      total 199680K, used 185856K [0x00000000d5580000, 0x00000000e7280000, 0x0000000100000000)
  eden space 185856K, 100% used [0x00000000d5580000,0x00000000e0b00000,0x00000000e0b00000)
  from space 13824K, 0% used [0x00000000e0b00000,0x00000000e0b00000,0x00000000e1880000)
  to   space 20480K, 0% used [0x00000000e5e80000,0x00000000e5e80000,0x00000000e7280000)
 ParOldGen       total 105984K, used 38183K [0x0000000080000000, 0x0000000086780000, 0x00000000d5580000)
  object space 105984K, 36% used [0x0000000080000000,0x0000000082549db0,0x0000000086780000)
 Metaspace       used 64102K, capacity 67266K, committed 67352K, reserved 1107968K
  class space    used 8855K, capacity 9442K, committed 9520K, reserved 1048576K
Event: 20.643 GC heap after
Heap after GC invocations=15 (full 3):
 PSYoungGen      total 256512K, used 16633K [0x00000000d5580000, 0x00000000e6f00000, 0x0000000100000000)
  eden space 239616K, 0% used [0x00000000d5580000,0x00000000d5580000,0x00000000e3f80000)
  from space 16896K, 98% used [0x00000000e5e80000,0x00000000e6ebe698,0x00000000e6f00000)
  to   space 22016K, 0% used [0x00000000e4400000,0x00000000e4400000,0x00000000e5980000)
 ParOldGen       total 105984K, used 38191K [0x0000000080000000, 0x0000000086780000, 0x00000000d5580000)
  object space 105984K, 36% used [0x0000000080000000,0x000000008254bdb0,0x0000000086780000)
 Metaspace       used 64102K, capacity 67266K, committed 67352K, reserved 1107968K
  class space    used 8855K, capacity 9442K, committed 9520K, reserved 1048576K
}
Event: 26.549 GC heap before
{Heap before GC invocations=16 (full 3):
 PSYoungGen      total 256512K, used 256249K [0x00000000d5580000, 0x00000000e6f00000, 0x0000000100000000)
  eden space 239616K, 100% used [0x00000000d5580000,0x00000000e3f80000,0x00000000e3f80000)
  from space 16896K, 98% used [0x00000000e5e80000,0x00000000e6ebe698,0x00000000e6f00000)
  to   space 22016K, 0% used [0x00000000e4400000,0x00000000e4400000,0x00000000e5980000)
 ParOldGen       total 105984K, used 38191K [0x0000000080000000, 0x0000000086780000, 0x00000000d5580000)
  object space 105984K, 36% used [0x0000000080000000,0x000000008254bdb0,0x0000000086780000)
 Metaspace       used 82671K, capacity 87050K, committed 87192K, reserved 1124352K
  class space    used 11512K, capacity 12353K, committed 12464K, reserved 1048576K
Event: 26.637 GC heap after
Heap after GC invocations=16 (full 3):
 PSYoungGen      total 266240K, used 22015K [0x00000000d5580000, 0x00000000eba80000, 0x0000000100000000)
  eden space 244224K, 0% used [0x00000000d5580000,0x00000000d5580000,0x00000000e4400000)
  from space 22016K, 99% used [0x00000000e4400000,0x00000000e597fc10,0x00000000e5980000)
  to   space 30720K, 0% used [0x00000000e9c80000,0x00000000e9c80000,0x00000000eba80000)
 ParOldGen       total 105984K, used 52857K [0x0000000080000000, 0x0000000086780000, 0x00000000d5580000)
  object space 105984K, 49% used [0x0000000080000000,0x000000008339e790,0x0000000086780000)
 Metaspace       used 82671K, capacity 87050K, committed 87192K, reserved 1124352K
  class space    used 11512K, capacity 12353K, committed 12464K, reserved 1048576K
}

Deoptimization events (10 events):
Event: 60.838 Thread 0x000000001badd000 Uncommon trap: reason=unstable_if action=reinterpret pc=0x00000000049b42a4 method=org.gradle.cache.internal.DefaultCrossBuildInMemoryCacheFactory$AbstractCrossBuildInMemoryCache.getIfPresent(Ljava/lang/Object;)Ljava/lang/Object; @ 24
Event: 60.843 Thread 0x000000001badd000 Uncommon trap: reason=bimorphic action=maybe_recompile pc=0x00000000043ad378 method=com.google.common.collect.ImmutableSet.copyOf(Ljava/util/Collection;)Lcom/google/common/collect/ImmutableSet; @ 29
Event: 60.843 Thread 0x000000001badd000 Uncommon trap: reason=bimorphic action=maybe_recompile pc=0x00000000043ad378 method=com.google.common.collect.ImmutableSet.copyOf(Ljava/util/Collection;)Lcom/google/common/collect/ImmutableSet; @ 29
Event: 60.871 Thread 0x000000001badd000 Uncommon trap: reason=bimorphic action=maybe_recompile pc=0x0000000003bab084 method=java.util.Objects.equals(Ljava/lang/Object;Ljava/lang/Object;)Z @ 11
Event: 60.871 Thread 0x000000001badd000 Uncommon trap: reason=bimorphic action=maybe_recompile pc=0x0000000003bab084 method=java.util.Objects.equals(Ljava/lang/Object;Ljava/lang/Object;)Z @ 11
Event: 60.885 Thread 0x000000001badd000 Uncommon trap: reason=unstable_if action=reinterpret pc=0x0000000004473a44 method=com.google.common.collect.MapMakerInternalMap$Segment.getEntry(Ljava/lang/Object;I)Lcom/google/common/collect/MapMakerInternalMap$InternalEntry; @ 4
Event: 60.890 Thread 0x000000001badd000 Uncommon trap: reason=unstable_if action=reinterpret pc=0x00000000047dc520 method=com.google.common.collect.MapMakerInternalMap$Segment.getEntry(Ljava/lang/Object;I)Lcom/google/common/collect/MapMakerInternalMap$InternalEntry; @ 4
Event: 60.893 Thread 0x000000001badd000 Uncommon trap: reason=bimorphic action=maybe_recompile pc=0x0000000003bab084 method=java.util.Objects.equals(Ljava/lang/Object;Ljava/lang/Object;)Z @ 11
Event: 60.893 Thread 0x000000001badd000 Uncommon trap: reason=bimorphic action=maybe_recompile pc=0x0000000003bab084 method=java.util.Objects.equals(Ljava/lang/Object;Ljava/lang/Object;)Z @ 11
Event: 61.227 Thread 0x000000001badd000 Uncommon trap: reason=bimorphic action=maybe_recompile pc=0x00000000043ad378 method=com.google.common.collect.ImmutableSet.copyOf(Ljava/util/Collection;)Lcom/google/common/collect/ImmutableSet; @ 29

Classes redefined (0 events):
No events

Internal exceptions (10 events):
Event: 24.483 Thread 0x0000000019910800 Exception <a 'sun/nio/fs/WindowsException'> (0x00000000de792028) thrown at [C:\src\AOSP-openjdk-git\hotspot\src\share\vm\prims\jni.cpp, line 710]
Event: 24.666 Thread 0x000000001fc5f000 Implicit null exception at 0x0000000003b6296f to 0x0000000003b62a61
Event: 24.666 Thread 0x000000001fc5c000 Implicit null exception at 0x0000000003b6296f to 0x0000000003b62a61
Event: 25.143 Thread 0x000000001fc5c000 Implicit null exception at 0x00000000038bf1e4 to 0x00000000038bfd2d
Event: 25.371 Thread 0x000000001fc5c000 Exception <a 'sun/nio/fs/WindowsException'> (0x00000000dffffe88) thrown at [C:\src\AOSP-openjdk-git\hotspot\src\share\vm\prims\jni.cpp, line 710]
Event: 26.259 Thread 0x0000000019904800 Exception <a 'java/lang/NoSuchMethodError': <clinit>> (0x00000000e31caab0) thrown at [C:\src\AOSP-openjdk-git\hotspot\src\share\vm\prims\jni.cpp, line 1615]
Event: 26.322 Thread 0x000000001990f800 Exception <a 'java/lang/NoSuchMethodError': java.lang.Object.newSystemTemporaryDirectory()Lcom/android/tools/build/apkzlib/bytestorage/TemporaryDirectory;> (0x00000000e33c97b0) thrown at [C:\src\AOSP-openjdk-git\hotspot\src\share\vm\interpreter\linkResolv
Event: 26.421 Thread 0x000000001990f800 Exception <a 'java/lang/NoSuchMethodError': java.lang.Object.lambda$static$0(Lcom/android/apksig/util/RunnablesProvider;)V> (0x00000000e36a0740) thrown at [C:\src\AOSP-openjdk-git\hotspot\src\share\vm\interpreter\linkResolver.cpp, line 620]
Event: 26.915 Thread 0x000000001badd000 Implicit null exception at 0x0000000003e9d767 to 0x0000000003e9dc09
Event: 61.287 Thread 0x000000001badd000 Exception <a 'sun/nio/fs/WindowsException'> (0x00000000d86c7878) thrown at [C:\src\AOSP-openjdk-git\hotspot\src\share\vm\prims\jni.cpp, line 710]

Events (10 events):
Event: 61.184 Thread 0x000000001fc67800 DEOPT UNPACKING pc=0x00000000032375d0 sp=0x000000002395dc48 mode 0
Event: 61.211 Thread 0x000000001e876000 DEOPT PACKING pc=0x0000000004be2164 sp=0x000000002675e9b0
Event: 61.211 Thread 0x000000001e876000 DEOPT UNPACKING pc=0x00000000032375d0 sp=0x000000002675e868 mode 0
Event: 61.212 loading class java/util/AbstractList$1
Event: 61.212 loading class java/util/AbstractList$1 done
Event: 61.227 Thread 0x000000001badd000 Uncommon trap: trap_request=0xffffffc6 fr.pc=0x00000000043ad378
Event: 61.227 Thread 0x000000001badd000 DEOPT PACKING pc=0x00000000043ad378 sp=0x000000001d70b360
Event: 61.227 Thread 0x000000001badd000 DEOPT UNPACKING pc=0x000000000323557b sp=0x000000001d70b320 mode 2
Event: 61.267 Thread 0x000000001fc69800 Thread added: 0x000000001fc69800
Event: 61.288 Thread 0x000000001fc66000 Thread added: 0x000000001fc66000


Dynamic libraries:
0x00007ff64f510000 - 0x00007ff64f541000 	D:\AndroidStudio\jre\bin\java.exe
0x00007ff901e10000 - 0x00007ff902005000 	C:\WINDOWS\SYSTEM32\ntdll.dll
0x00007ff9005e0000 - 0x00007ff90069d000 	C:\WINDOWS\System32\KERNEL32.DLL
0x00007ff8ff6b0000 - 0x00007ff8ff979000 	C:\WINDOWS\System32\KERNELBASE.dll
0x00007ff900ab0000 - 0x00007ff900b5c000 	C:\WINDOWS\System32\ADVAPI32.dll
0x00007ff901290000 - 0x00007ff90132e000 	C:\WINDOWS\System32\msvcrt.dll
0x00007ff900040000 - 0x00007ff9000dc000 	C:\WINDOWS\System32\sechost.dll
0x00007ff901330000 - 0x00007ff90145b000 	C:\WINDOWS\System32\RPCRT4.dll
0x00007ff8ffea0000 - 0x00007ff900040000 	C:\WINDOWS\System32\USER32.dll
0x00007ff8ffc60000 - 0x00007ff8ffc82000 	C:\WINDOWS\System32\win32u.dll
0x00007ff901260000 - 0x00007ff90128a000 	C:\WINDOWS\System32\GDI32.dll
0x00007ff8ffd60000 - 0x00007ff8ffe6b000 	C:\WINDOWS\System32\gdi32full.dll
0x00007ff8ffb60000 - 0x00007ff8ffbfd000 	C:\WINDOWS\System32\msvcp_win.dll
0x00007ff8ff9b0000 - 0x00007ff8ffab0000 	C:\WINDOWS\System32\ucrtbase.dll
0x00007ff8e1170000 - 0x00007ff8e140a000 	C:\WINDOWS\WinSxS\amd64_microsoft.windows.common-controls_6595b64144ccf1df_6.0.19041.844_none_ca00b6081b84eb1d\COMCTL32.dll
0x00007ff8ffe70000 - 0x00007ff8ffea0000 	C:\WINDOWS\System32\IMM32.DLL
0x0000000064430000 - 0x0000000064502000 	D:\AndroidStudio\jre\jre\bin\msvcr100.dll
0x0000000063780000 - 0x0000000063fcb000 	D:\AndroidStudio\jre\jre\bin\server\jvm.dll
0x00007ff901460000 - 0x00007ff901468000 	C:\WINDOWS\System32\PSAPI.DLL
0x00007ff8f80f0000 - 0x00007ff8f80f9000 	C:\WINDOWS\SYSTEM32\WSOCK32.dll
0x00007ff8e42e0000 - 0x00007ff8e4307000 	C:\WINDOWS\SYSTEM32\WINMM.dll
0x00007ff901180000 - 0x00007ff9011eb000 	C:\WINDOWS\System32\WS2_32.dll
0x00007ff8f1460000 - 0x00007ff8f146a000 	C:\WINDOWS\SYSTEM32\VERSION.dll
0x00007ff8f80e0000 - 0x00007ff8f80ef000 	D:\AndroidStudio\jre\jre\bin\verify.dll
0x00007ff8e0870000 - 0x00007ff8e0899000 	D:\AndroidStudio\jre\jre\bin\java.dll
0x00007ff8e7310000 - 0x00007ff8e7326000 	D:\AndroidStudio\jre\jre\bin\zip.dll
0x00007ff901680000 - 0x00007ff901dc2000 	C:\WINDOWS\System32\SHELL32.dll
0x00007ff8fd450000 - 0x00007ff8fdbe0000 	C:\WINDOWS\SYSTEM32\windows.storage.dll
0x00007ff900750000 - 0x00007ff900aa5000 	C:\WINDOWS\System32\combase.dll
0x00007ff8fefc0000 - 0x00007ff8fefec000 	C:\WINDOWS\SYSTEM32\Wldp.dll
0x00007ff900f00000 - 0x00007ff900fae000 	C:\WINDOWS\System32\SHCORE.dll
0x00007ff900d80000 - 0x00007ff900dd5000 	C:\WINDOWS\System32\shlwapi.dll
0x00007ff8ff490000 - 0x00007ff8ff4af000 	C:\WINDOWS\SYSTEM32\profapi.dll
0x00007ff8e0730000 - 0x00007ff8e074a000 	D:\AndroidStudio\jre\jre\bin\net.dll
0x00007ff8fed40000 - 0x00007ff8fedaa000 	C:\WINDOWS\system32\mswsock.dll
0x00007ff8e05f0000 - 0x00007ff8e0603000 	D:\AndroidStudio\jre\jre\bin\nio.dll
0x00007ff8e08d0000 - 0x00007ff8e08f7000 	C:\Users\TechLine\.gradle\native\f6784746aeab05261644944871eae4fe03e0ef1612fff0a4a95f87b438bc6780\windows-amd64\native-platform.dll
0x00007ff8f80b0000 - 0x00007ff8f80bd000 	D:\AndroidStudio\jre\jre\bin\management.dll
0x00007ff8fef20000 - 0x00007ff8fef38000 	C:\WINDOWS\SYSTEM32\CRYPTSP.dll
0x00007ff8fe670000 - 0x00007ff8fe6a4000 	C:\WINDOWS\system32\rsaenh.dll
0x00007ff8ff980000 - 0x00007ff8ff9a7000 	C:\WINDOWS\System32\bcrypt.dll
0x00007ff8ff410000 - 0x00007ff8ff43e000 	C:\WINDOWS\SYSTEM32\USERENV.dll
0x00007ff8ffc90000 - 0x00007ff8ffd10000 	C:\WINDOWS\System32\bcryptprimitives.dll
0x00007ff8fef10000 - 0x00007ff8fef1c000 	C:\WINDOWS\SYSTEM32\CRYPTBASE.dll
0x00007ff8fe9e0000 - 0x00007ff8fea1b000 	C:\WINDOWS\SYSTEM32\IPHLPAPI.DLL
0x00007ff900bc0000 - 0x00007ff900bc8000 	C:\WINDOWS\System32\NSI.dll
0x00007ff8f4f50000 - 0x00007ff8f4f67000 	C:\WINDOWS\SYSTEM32\dhcpcsvc6.DLL
0x00007ff8f4f30000 - 0x00007ff8f4f4d000 	C:\WINDOWS\SYSTEM32\dhcpcsvc.DLL
0x00007ff8fea30000 - 0x00007ff8feafb000 	C:\WINDOWS\SYSTEM32\DNSAPI.dll
0x00007ff8f5070000 - 0x00007ff8f507b000 	C:\WINDOWS\SYSTEM32\WINNSI.DLL

VM Arguments:
jvm_args: -Xmx2048m -Dfile.encoding=UTF-8 -Duser.country=RU -Duser.language=ru -Duser.variant 
java_command: org.gradle.launcher.daemon.bootstrap.GradleDaemon 6.5
java_class_path (initial): C:\Users\TechLine\.gradle\wrapper\dists\gradle-6.5-bin\6nifqtx7604sqp1q6g8wikw7p\gradle-6.5\lib\gradle-launcher-6.5.jar
Launcher Type: SUN_STANDARD

Environment Variables:
PATH=C:\Program Files (x86)\Common Files\Oracle\Java\javapath;C:\Windows\system32;C:\Windows;C:\Windows\System32\Wbem;C:\Windows\System32\WindowsPowerShell\v1.0\;C:\Windows\System32\OpenSSH\;C:\Program Files (x86)\NVIDIA Corporation\PhysX\Common;C:\Program Files\NVIDIA Corporation\NVIDIA NvDLISR;C:\Program Files\Java\jdk-14.0.2\bin;C:\Program Files\nodejs\;C:\ProgramData\chocolatey\bin;C:\WINDOWS\system32;C:\WINDOWS;C:\WINDOWS\System32\Wbem;C:\WINDOWS\System32\WindowsPowerShell\v1.0\;C:\WINDOWS\System32\OpenSSH\;D:\Git\cmd;C:\Users\TechLine\AppData\Local\Microsoft\WindowsApps;C:\Program Files\JetBrains\IntelliJ IDEA Community Edition 2020.2.1\bin;C:\Users\TechLine\AppData\Roaming\npm;C:\Users\TechLine\AppData\Local\atom\bin;C:\Users\TechLine\AppData\Local\Microsoft\WindowsApps
USERNAME=TechLine
OS=Windows_NT
PROCESSOR_IDENTIFIER=Intel64 Family 6 Model 142 Stepping 9, GenuineIntel



---------------  S Y S T E M  ---------------

OS: Windows 10.0 , 64 bit Build 19041 (10.0.19041.804)

CPU:total 4 (initial active 4) (2 cores per cpu, 2 threads per core) family 6 model 142 stepping 9, cmov, cx8, fxsr, mmx, sse, sse2, sse3, ssse3, sse4.1, sse4.2, popcnt, avx, avx2, aes, clmul, erms, 3dnowpref, lzcnt, ht, tsc, tscinvbit, bmi1, bmi2, adx

Memory: 4k page, physical 8258788k(744292k free), swap 10355940k(5168k free)

vm_info: OpenJDK 64-Bit Server VM (25.242-b01) for windows-amd64 JRE (1.8.0_242-release-1644-b01), built by "builder" with MS VC++ 10.0 (VS2010)

time: Wed Apr 14 17:05:00 2021
timezone: Беларусь (зима)
elapsed time: 61 seconds (0d 0h 1m 1s)

