#
# There is insufficient memory for the Java Runtime Environment to continue.
# Native memory allocation (malloc) failed to allocate 98816 bytes for Chunk::new
# Possible reasons:
#   The system is out of physical RAM or swap space
#   The process is running with CompressedOops enabled, and the Java Heap may be blocking the growth of the native heap
# Possible solutions:
#   Reduce memory load on the system
#   Increase physical memory or swap space
#   Check if swap backing store is full
#   Decrease Java heap size (-Xmx/-Xms)
#   Decrease number of Java threads
#   Decrease Java thread stack sizes (-Xss)
#   Set larger code cache with -XX:ReservedCodeCacheSize=
#   JVM is running with Unscaled Compressed Oops mode in which the Java heap is
#     placed in the first 4GB address space. The Java Heap base address is the
#     maximum limit for the native heap growth. Please use -XX:HeapBaseMinAddress
#     to set the Java Heap base and to place the Java Heap above 4GB virtual address.
# This output file may be truncated or incomplete.
#
#  Out of Memory Error (allocation.cpp:389), pid=11168, tid=0x0000000000001e4c
#
# JRE version: OpenJDK Runtime Environment (8.0_242-b01) (build 1.8.0_242-release-1644-b01)
# Java VM: OpenJDK 64-Bit Server VM (25.242-b01 mixed mode windows-amd64 compressed oops)
# Failed to write core dump. Minidumps are not enabled by default on client versions of Windows
#

---------------  T H R E A D  ---------------

Current thread (0x00000000176fa800):  JavaThread "C2 CompilerThread1" daemon [_thread_in_native, id=7756, stack(0x0000000018e80000,0x0000000018f80000)]

Stack: [0x0000000018e80000,0x0000000018f80000]
[error occurred during error reporting (printing stack bounds), id 0xc0000005]

Native frames: (J=compiled Java code, j=interpreted, Vv=VM code, C=native code)


Current CompileTask:
C2: 391801 11300       4       org.gradle.api.internal.notations.ModuleNotationValidation::validate (70 bytes)


---------------  P R O C E S S  ---------------

Java Threads: ( => current thread )
  0x00000000203a8800 JavaThread "Cache worker for execution history cache (C:\Users\TechLine\AndroidStudioProjects\MealRecipes\.gradle\6.5\executionHistory)" [_thread_blocked, id=7864, stack(0x0000000029fb0000,0x000000002a0b0000)]
  0x00000000203a3800 JavaThread "Execution worker for ':' Thread 3" [_thread_blocked, id=13252, stack(0x0000000029570000,0x0000000029670000)]
  0x00000000203a8000 JavaThread "Execution worker for ':' Thread 2" [_thread_in_Java, id=252, stack(0x0000000028670000,0x0000000028770000)]
  0x00000000203a7000 JavaThread "Execution worker for ':'" [_thread_blocked, id=8108, stack(0x0000000028570000,0x0000000028670000)]
  0x000000002039f000 JavaThread "Cache worker for file content cache (C:\Users\TechLine\AndroidStudioProjects\MealRecipes\.gradle\6.5\fileContent)" [_thread_blocked, id=12524, stack(0x0000000028070000,0x0000000028170000)]
  0x00000000203a5800 JavaThread "pool-3-thread-1" [_thread_blocked, id=7420, stack(0x0000000027f70000,0x0000000028070000)]
  0x000000002039e000 JavaThread "Cache worker for Build Output Cleanup Cache (C:\Users\TechLine\AndroidStudioProjects\MealRecipes\.gradle\buildOutputCleanup)" [_thread_blocked, id=7612, stack(0x0000000027e70000,0x0000000027f70000)]
  0x00000000203a2800 JavaThread "jar transforms Thread 184" [_thread_blocked, id=10260, stack(0x0000000027d70000,0x0000000027e70000)]
  0x00000000203a1000 JavaThread "jar transforms Thread 183" [_thread_blocked, id=6020, stack(0x0000000027c70000,0x0000000027d70000)]
  0x00000000203a0800 JavaThread "jar transforms Thread 182" [_thread_blocked, id=10960, stack(0x0000000027b70000,0x0000000027c70000)]
  0x00000000203a2000 JavaThread "jar transforms Thread 181" [_thread_blocked, id=12128, stack(0x0000000027a70000,0x0000000027b70000)]
  0x000000002039f800 JavaThread "jar transforms Thread 180" [_thread_blocked, id=11116, stack(0x0000000027970000,0x0000000027a70000)]
  0x00000000203a5000 JavaThread "jar transforms Thread 179" [_thread_blocked, id=8156, stack(0x0000000027870000,0x0000000027970000)]
  0x000000002039d800 JavaThread "jar transforms Thread 178" [_thread_blocked, id=9076, stack(0x0000000027770000,0x0000000027870000)]
  0x000000001f412800 JavaThread "jar transforms Thread 177" [_thread_blocked, id=1768, stack(0x0000000027670000,0x0000000027770000)]
  0x000000001f419800 JavaThread "jar transforms Thread 176" [_thread_blocked, id=6064, stack(0x0000000027570000,0x0000000027670000)]
  0x000000001f412000 JavaThread "jar transforms Thread 175" [_thread_blocked, id=1892, stack(0x0000000027470000,0x0000000027570000)]
  0x000000001f416800 JavaThread "jar transforms Thread 174" [_thread_blocked, id=10564, stack(0x0000000027370000,0x0000000027470000)]
  0x000000001f418800 JavaThread "jar transforms Thread 173" [_thread_blocked, id=10588, stack(0x0000000027270000,0x0000000027370000)]
  0x000000001f415800 JavaThread "jar transforms Thread 172" [_thread_blocked, id=3336, stack(0x0000000027170000,0x0000000027270000)]
  0x000000001f415000 JavaThread "jar transforms Thread 171" [_thread_blocked, id=9260, stack(0x0000000027070000,0x0000000027170000)]
  0x000000001f413800 JavaThread "jar transforms Thread 170" [_thread_blocked, id=7424, stack(0x0000000026f70000,0x0000000027070000)]
  0x000000001f418000 JavaThread "jar transforms Thread 169" [_thread_blocked, id=3676, stack(0x0000000026e70000,0x0000000026f70000)]
  0x000000001f414000 JavaThread "jar transforms Thread 168" [_thread_blocked, id=10676, stack(0x0000000026d70000,0x0000000026e70000)]
  0x000000001f411000 JavaThread "jar transforms Thread 167" [_thread_blocked, id=12744, stack(0x0000000026c70000,0x0000000026d70000)]
  0x000000001f417000 JavaThread "jar transforms Thread 166" [_thread_blocked, id=3692, stack(0x0000000026b70000,0x0000000026c70000)]
  0x000000001f40a800 JavaThread "jar transforms Thread 165" [_thread_blocked, id=4576, stack(0x0000000026a70000,0x0000000026b70000)]
  0x000000001f410800 JavaThread "jar transforms Thread 164" [_thread_blocked, id=332, stack(0x0000000026970000,0x0000000026a70000)]
  0x000000001f40f800 JavaThread "jar transforms Thread 163" [_thread_blocked, id=9612, stack(0x0000000026870000,0x0000000026970000)]
  0x000000001f40d800 JavaThread "jar transforms Thread 162" [_thread_blocked, id=9088, stack(0x0000000026770000,0x0000000026870000)]
  0x000000001f40c800 JavaThread "jar transforms Thread 161" [_thread_blocked, id=12344, stack(0x0000000026670000,0x0000000026770000)]
  0x000000001f40c000 JavaThread "jar transforms Thread 160" [_thread_blocked, id=11444, stack(0x0000000026570000,0x0000000026670000)]
  0x000000001f40b000 JavaThread "jar transforms Thread 159" [_thread_blocked, id=7148, stack(0x0000000026470000,0x0000000026570000)]
  0x000000001f40f000 JavaThread "jar transforms Thread 158" [_thread_blocked, id=4764, stack(0x0000000026370000,0x0000000026470000)]
  0x000000001f40e000 JavaThread "jar transforms Thread 157" [_thread_blocked, id=12588, stack(0x0000000026270000,0x0000000026370000)]
  0x000000001b607000 JavaThread "jar transforms Thread 156" [_thread_blocked, id=7708, stack(0x0000000026170000,0x0000000026270000)]
  0x000000001b604000 JavaThread "jar transforms Thread 155" [_thread_blocked, id=888, stack(0x0000000026070000,0x0000000026170000)]
  0x000000001b606800 JavaThread "jar transforms Thread 154" [_thread_blocked, id=2088, stack(0x0000000025f70000,0x0000000026070000)]
  0x000000001b603800 JavaThread "jar transforms Thread 153" [_thread_blocked, id=8592, stack(0x0000000025e70000,0x0000000025f70000)]
  0x000000001b605000 JavaThread "jar transforms Thread 152" [_thread_blocked, id=9256, stack(0x0000000025d70000,0x0000000025e70000)]
  0x000000001b605800 JavaThread "jar transforms Thread 151" [_thread_blocked, id=12912, stack(0x0000000025c70000,0x0000000025d70000)]
  0x000000001b608800 JavaThread "jar transforms Thread 150" [_thread_blocked, id=3604, stack(0x0000000025b70000,0x0000000025c70000)]
  0x000000001b608000 JavaThread "jar transforms Thread 149" [_thread_blocked, id=2592, stack(0x0000000025a70000,0x0000000025b70000)]
  0x000000001b5fc000 JavaThread "jar transforms Thread 148" [_thread_blocked, id=10940, stack(0x0000000025970000,0x0000000025a70000)]
  0x000000001b602800 JavaThread "jar transforms Thread 147" [_thread_blocked, id=11324, stack(0x0000000025870000,0x0000000025970000)]
  0x000000001b5ff000 JavaThread "jar transforms Thread 146" [_thread_blocked, id=7740, stack(0x0000000025770000,0x0000000025870000)]
  0x000000001b5fc800 JavaThread "jar transforms Thread 145" [_thread_blocked, id=2536, stack(0x0000000025670000,0x0000000025770000)]
  0x000000001b602000 JavaThread "jar transforms Thread 144" [_thread_blocked, id=10776, stack(0x0000000025570000,0x0000000025670000)]
  0x000000001b601000 JavaThread "jar transforms Thread 143" [_thread_blocked, id=12488, stack(0x0000000025470000,0x0000000025570000)]
  0x000000001b5f9800 JavaThread "jar transforms Thread 142" [_thread_blocked, id=10884, stack(0x0000000025370000,0x0000000025470000)]
  0x000000001b5fe000 JavaThread "jar transforms Thread 141" [_thread_blocked, id=4768, stack(0x0000000025270000,0x0000000025370000)]
  0x000000001b600800 JavaThread "jar transforms Thread 140" [_thread_blocked, id=12620, stack(0x0000000025170000,0x0000000025270000)]
  0x000000001b5fb000 JavaThread "jar transforms Thread 139" [_thread_blocked, id=12868, stack(0x0000000025070000,0x0000000025170000)]
  0x000000001b5ff800 JavaThread "jar transforms Thread 138" [_thread_blocked, id=3764, stack(0x0000000024f70000,0x0000000025070000)]
  0x000000001b5fd800 JavaThread "jar transforms Thread 137" [_thread_blocked, id=3612, stack(0x0000000024e70000,0x0000000024f70000)]
  0x000000001b5fa800 JavaThread "jar transforms Thread 136" [_thread_blocked, id=5536, stack(0x0000000024d70000,0x0000000024e70000)]
  0x000000001b28e800 JavaThread "jar transforms Thread 135" [_thread_blocked, id=10152, stack(0x0000000024c70000,0x0000000024d70000)]
  0x000000001b28d800 JavaThread "jar transforms Thread 134" [_thread_blocked, id=8392, stack(0x0000000024b70000,0x0000000024c70000)]
  0x000000001b289000 JavaThread "jar transforms Thread 133" [_thread_blocked, id=12608, stack(0x0000000024a70000,0x0000000024b70000)]
  0x000000001b28a000 JavaThread "jar transforms Thread 132" [_thread_blocked, id=2876, stack(0x0000000024970000,0x0000000024a70000)]
  0x000000001b28b800 JavaThread "jar transforms Thread 131" [_thread_blocked, id=4048, stack(0x0000000024870000,0x0000000024970000)]
  0x000000001a592000 JavaThread "jar transforms Thread 130" [_thread_blocked, id=4952, stack(0x0000000024770000,0x0000000024870000)]
  0x000000001a591000 JavaThread "jar transforms Thread 129" [_thread_blocked, id=4920, stack(0x0000000024670000,0x0000000024770000)]
  0x000000001a590800 JavaThread "jar transforms Thread 128" [_thread_blocked, id=4056, stack(0x0000000024570000,0x0000000024670000)]
  0x000000001a58f800 JavaThread "jar transforms Thread 127" [_thread_blocked, id=4456, stack(0x0000000024470000,0x0000000024570000)]
  0x000000001a596800 JavaThread "jar transforms Thread 126" [_thread_blocked, id=10836, stack(0x0000000024370000,0x0000000024470000)]
  0x000000001a595800 JavaThread "jar transforms Thread 125" [_thread_blocked, id=528, stack(0x0000000024270000,0x0000000024370000)]
  0x000000001a594000 JavaThread "jar transforms Thread 124" [_thread_blocked, id=12472, stack(0x0000000024170000,0x0000000024270000)]
  0x000000001a592800 JavaThread "jar transforms Thread 123" [_thread_blocked, id=10652, stack(0x0000000024070000,0x0000000024170000)]
  0x000000001a595000 JavaThread "jar transforms Thread 122" [_thread_blocked, id=3920, stack(0x0000000023f70000,0x0000000024070000)]
  0x000000001a593800 JavaThread "jar transforms Thread 121" [_thread_blocked, id=8324, stack(0x0000000023e70000,0x0000000023f70000)]
  0x000000001a588000 JavaThread "jar transforms Thread 120" [_thread_blocked, id=12160, stack(0x0000000023d70000,0x0000000023e70000)]
  0x000000001a58f000 JavaThread "jar transforms Thread 119" [_thread_blocked, id=7580, stack(0x0000000023c70000,0x0000000023d70000)]
  0x000000001a589000 JavaThread "jar transforms Thread 118" [_thread_blocked, id=7820, stack(0x0000000023b70000,0x0000000023c70000)]
  0x000000001a587800 JavaThread "jar transforms Thread 117" [_thread_blocked, id=9332, stack(0x0000000023a70000,0x0000000023b70000)]
  0x000000001a58e000 JavaThread "jar transforms Thread 116" [_thread_blocked, id=2104, stack(0x0000000023970000,0x0000000023a70000)]
  0x000000001a589800 JavaThread "jar transforms Thread 115" [_thread_blocked, id=11164, stack(0x0000000023870000,0x0000000023970000)]
  0x000000001a58d800 JavaThread "jar transforms Thread 114" [_thread_blocked, id=8752, stack(0x0000000023770000,0x0000000023870000)]
  0x000000001b6e7800 JavaThread "jar transforms Thread 113" [_thread_blocked, id=8808, stack(0x0000000023670000,0x0000000023770000)]
  0x000000001b6e6000 JavaThread "jar transforms Thread 112" [_thread_blocked, id=9984, stack(0x0000000023570000,0x0000000023670000)]
  0x000000001b6e4800 JavaThread "jar transforms Thread 111" [_thread_blocked, id=924, stack(0x0000000023470000,0x0000000023570000)]
  0x000000001b6e9000 JavaThread "jar transforms Thread 110" [_thread_blocked, id=4036, stack(0x0000000023370000,0x0000000023470000)]
  0x000000001b6eb800 JavaThread "jar transforms Thread 109" [_thread_blocked, id=9176, stack(0x0000000023270000,0x0000000023370000)]
  0x000000001b6ea800 JavaThread "jar transforms Thread 108" [_thread_blocked, id=11160, stack(0x0000000023170000,0x0000000023270000)]
  0x000000001b6ea000 JavaThread "jar transforms Thread 107" [_thread_blocked, id=6032, stack(0x0000000023070000,0x0000000023170000)]
  0x000000001b6e7000 JavaThread "jar transforms Thread 106" [_thread_blocked, id=6348, stack(0x0000000022f70000,0x0000000023070000)]
  0x000000001b6e4000 JavaThread "jar transforms Thread 105" [_thread_blocked, id=1116, stack(0x0000000022e70000,0x0000000022f70000)]
  0x000000001b6e8800 JavaThread "jar transforms Thread 104" [_thread_blocked, id=10820, stack(0x0000000022d70000,0x0000000022e70000)]
  0x000000001b6e5800 JavaThread "jar transforms Thread 103" [_thread_blocked, id=8236, stack(0x0000000022c70000,0x0000000022d70000)]
  0x000000001b6dc800 JavaThread "jar transforms Thread 102" [_thread_blocked, id=7264, stack(0x0000000022b70000,0x0000000022c70000)]
  0x000000001b6e3000 JavaThread "jar transforms Thread 101" [_thread_blocked, id=3984, stack(0x0000000022a70000,0x0000000022b70000)]
  0x000000001b6e1800 JavaThread "jar transforms Thread 100" [_thread_blocked, id=2544, stack(0x0000000022970000,0x0000000022a70000)]
  0x000000001b6e1000 JavaThread "jar transforms Thread 99" [_thread_blocked, id=8228, stack(0x0000000022870000,0x0000000022970000)]
  0x000000001b6e0000 JavaThread "jar transforms Thread 98" [_thread_blocked, id=3084, stack(0x0000000022770000,0x0000000022870000)]
  0x000000001b6dd000 JavaThread "jar transforms Thread 97" [_thread_blocked, id=8396, stack(0x0000000022670000,0x0000000022770000)]
  0x000000001e8bd000 JavaThread "jar transforms Thread 96" [_thread_blocked, id=11024, stack(0x0000000022570000,0x0000000022670000)]
  0x000000001e8c1800 JavaThread "jar transforms Thread 95" [_thread_blocked, id=2276, stack(0x0000000022470000,0x0000000022570000)]
  0x000000001e8c0000 JavaThread "jar transforms Thread 94" [_thread_blocked, id=12832, stack(0x0000000022370000,0x0000000022470000)]
  0x000000001e8c0800 JavaThread "jar transforms Thread 93" [_thread_blocked, id=5844, stack(0x0000000022270000,0x0000000022370000)]
  0x000000001e8bc000 JavaThread "Build operations Thread 4" [_thread_blocked, id=2328, stack(0x0000000021a70000,0x0000000021b70000)]
  0x000000001e8c2000 JavaThread "Build operations Thread 3" [_thread_blocked, id=7048, stack(0x0000000020fd0000,0x00000000210d0000)]
  0x000000001e8be800 JavaThread "Build operations Thread 2" [_thread_blocked, id=10440, stack(0x0000000020ed0000,0x0000000020fd0000)]
  0x000000001e8bf000 JavaThread "Build operations" [_thread_blocked, id=10136, stack(0x000000001d1b0000,0x000000001d2b0000)]
  0x000000001e8b4800 JavaThread "Cache worker for cache directory md-rule (C:\Users\TechLine\.gradle\caches\6.5\md-rule)" [_thread_blocked, id=7640, stack(0x000000001d0b0000,0x000000001d1b0000)]
  0x000000001e8bb800 JavaThread "Cache worker for cache directory md-supplier (C:\Users\TechLine\.gradle\caches\6.5\md-supplier)" [_thread_blocked, id=2640, stack(0x000000001cfb0000,0x000000001d0b0000)]
  0x000000001e8ba800 JavaThread "Cache worker for checksums cache (C:\Users\TechLine\AndroidStudioProjects\MealRecipes\.gradle\checksums)" [_thread_blocked, id=12376, stack(0x000000001ceb0000,0x000000001cfb0000)]
  0x000000001e8b3800 JavaThread "Cache worker for file hash cache (C:\Users\TechLine\AndroidStudioProjects\MealRecipes\.gradle\6.5\fileHashes)" [_thread_blocked, id=3608, stack(0x000000001cdb0000,0x000000001ceb0000)]
  0x000000001e8b3000 JavaThread "Thread-133" [_thread_blocked, id=12496, stack(0x000000001ccb0000,0x000000001cdb0000)]
  0x000000001e8b9000 JavaThread "Stdin handler" [_thread_blocked, id=8428, stack(0x000000001c9b0000,0x000000001cab0000)]
  0x000000001e8b8000 JavaThread "Asynchronous log dispatcher for DefaultDaemonConnection: socket connection from /127.0.0.1:61127 to /127.0.0.1:61181" [_thread_blocked, id=5396, stack(0x000000001c560000,0x000000001c660000)]
  0x000000001e8b7800 JavaThread "Daemon worker Thread 2" [_thread_blocked, id=8860, stack(0x000000001c460000,0x000000001c560000)]
  0x000000001e8b6000 JavaThread "Cancel handler" [_thread_blocked, id=1600, stack(0x0000000000e30000,0x0000000000f30000)]
  0x000000001e8b5000 JavaThread "Handler for socket connection from /127.0.0.1:61127 to /127.0.0.1:61181" [_thread_in_native, id=5580, stack(0x0000000000d30000,0x0000000000e30000)]
  0x000000001e8b6800 JavaThread "Daemon Thread 2" [_thread_blocked, id=7724, stack(0x0000000000c30000,0x0000000000d30000)]
  0x000000001a58a800 JavaThread "Cache worker for Java compile cache (C:\Users\TechLine\.gradle\caches\6.5\javaCompile)" [_thread_blocked, id=6256, stack(0x000000002a5b0000,0x000000002a6b0000)]
  0x000000001e8bd800 JavaThread "Memory manager" [_thread_blocked, id=11720, stack(0x0000000028c20000,0x0000000028d20000)]
  0x000000001b28c000 JavaThread "Cache worker for file content cache (C:\Users\TechLine\.gradle\caches\6.5\fileContent)" [_thread_blocked, id=12064, stack(0x0000000021b70000,0x0000000021c70000)]
  0x000000001b28d000 JavaThread "Cache worker for execution history cache (C:\Users\TechLine\.gradle\caches\6.5\executionHistory)" [_thread_blocked, id=6832, stack(0x00000000210d0000,0x00000000211d0000)]
  0x000000001b290000 JavaThread "Cache worker for file hash cache (C:\Users\TechLine\.gradle\caches\6.5\fileHashes)" [_thread_blocked, id=6884, stack(0x000000001d7b0000,0x000000001d8b0000)]
  0x000000001b28f800 JavaThread "File lock request listener" [_thread_in_native, id=11364, stack(0x000000001d6b0000,0x000000001d7b0000)]
  0x000000001b1cc800 JavaThread "Cache worker for journal cache (C:\Users\TechLine\.gradle\caches\journal-1)" [_thread_blocked, id=2368, stack(0x000000001d4b0000,0x000000001d5b0000)]
  0x000000001b08c800 JavaThread "Daemon periodic checks" [_thread_blocked, id=5360, stack(0x000000001c8b0000,0x000000001c9b0000)]
  0x000000001b08c000 JavaThread "Incoming local TCP Connector on port 61127" [_thread_in_native, id=5052, stack(0x000000001c660000,0x000000001c760000)]
  0x0000000019159800 JavaThread "Daemon health stats" [_thread_blocked, id=6268, stack(0x000000001c020000,0x000000001c120000)]
  0x000000001774e000 JavaThread "Service Thread" daemon [_thread_blocked, id=6384, stack(0x0000000019480000,0x0000000019580000)]
  0x00000000176fd800 JavaThread "C1 CompilerThread2" daemon [_thread_blocked, id=11348, stack(0x0000000018f80000,0x0000000019080000)]
=>0x00000000176fa800 JavaThread "C2 CompilerThread1" daemon [_thread_in_native, id=7756, stack(0x0000000018e80000,0x0000000018f80000)]
  0x00000000176f6800 JavaThread "C2 CompilerThread0" daemon [_thread_blocked, id=5040, stack(0x0000000018d80000,0x0000000018e80000)]
  0x00000000176f5000 JavaThread "Attach Listener" daemon [_thread_blocked, id=7836, stack(0x0000000018c80000,0x0000000018d80000)]
  0x00000000176f3800 JavaThread "Signal Dispatcher" daemon [_thread_blocked, id=11400, stack(0x0000000018b80000,0x0000000018c80000)]
  0x0000000002aca000 JavaThread "Finalizer" daemon [_thread_blocked, id=5268, stack(0x0000000018970000,0x0000000018a70000)]
  0x0000000002ac1000 JavaThread "Reference Handler" daemon [_thread_blocked, id=1068, stack(0x0000000018870000,0x0000000018970000)]
  0x00000000028cd800 JavaThread "main" [_thread_blocked, id=2352, stack(0x00000000028d0000,0x00000000029d0000)]

Other Threads:
  0x00000000176b6800 VMThread [stack: 0x0000000018770000,0x0000000018870000] [id=10840]
  0x00000000190cb000 WatcherThread [stack: 0x0000000019580000,0x0000000019680000] [id=260]

VM state:not at safepoint (normal execution)

VM Mutex/Monitor currently owned by a thread: None

heap address: 0x0000000080000000, size: 2048 MB, Compressed Oops mode: 32-bit
Narrow klass base: 0x0000000000000000, Narrow klass shift: 3
Compressed class space size: 1073741824 Address: 0x0000000100000000

Heap:
 PSYoungGen      total 286720K, used 84038K [0x00000000d5580000, 0x00000000e8300000, 0x0000000100000000)
  eden space 264704K, 23% used [0x00000000d5580000,0x00000000d9212bf8,0x00000000e5800000)
  from space 22016K, 99% used [0x00000000e5800000,0x00000000e6d7ef48,0x00000000e6d80000)
  to   space 19456K, 0% used [0x00000000e7000000,0x00000000e7000000,0x00000000e8300000)
 ParOldGen       total 98304K, used 54945K [0x0000000080000000, 0x0000000086000000, 0x00000000d5580000)
  object space 98304K, 55% used [0x0000000080000000,0x00000000835a8570,0x0000000086000000)
 Metaspace       used 86943K, capacity 91314K, committed 91544K, reserved 1128448K
  class space    used 11804K, capacity 12631K, committed 12720K, reserved 1048576K

Card table byte_map: [0x0000000011e90000,0x00000000122a0000] byte_map_base: 0x0000000011a90000

Marking Bits: (ParMarkBitMap*) 0x0000000063f4f030
 Begin Bits: [0x0000000012950000, 0x0000000014950000)
 End Bits:   [0x0000000014950000, 0x0000000016950000)

Polling page: 0x0000000002780000

CodeCache: size=245760Kb used=29835Kb max_used=29842Kb free=215924Kb
 bounds [0x0000000002ad0000, 0x0000000004820000, 0x0000000011ad0000]
 total_blobs=10502 nmethods=9649 adapters=765
 compilation: enabled

Compilation events (10 events):
Event: 391.757 Thread 0x00000000176fd800 11294       1       org.gradle.execution.plan.Node::getExecutionFailure (5 bytes)
Event: 391.757 Thread 0x00000000176fd800 nmethod 11294 0x0000000002dbd650 code [0x0000000002dbd7a0, 0x0000000002dbd8b0]
Event: 391.758 Thread 0x00000000176f6800 11295       4       org.gradle.internal.event.DefaultListenerManager$EventBroadcast$ListenerDispatch::dispatch (9 bytes)
Event: 391.758 Thread 0x00000000176fa800 11296       4       java.io.ObjectOutputStream$HandleTable::assign (52 bytes)
Event: 391.760 Thread 0x00000000176fd800 11297       3       org.gradle.api.internal.provider.Collectors$TypedCollector::size (10 bytes)
Event: 391.761 Thread 0x00000000176fd800 nmethod 11297 0x0000000004813f90 code [0x0000000004814100, 0x0000000004814328]
Event: 391.761 Thread 0x00000000176fd800 11298       3       kotlin.text.StringsKt__StringsJVMKt::endsWith$default (15 bytes)
Event: 391.762 Thread 0x00000000176fd800 nmethod 11298 0x0000000002ffdbd0 code [0x0000000002ffdd40, 0x0000000002ffdee8]
Event: 391.776 Thread 0x00000000176fa800 nmethod 11296 0x0000000004819a90 code [0x0000000004819c20, 0x000000000481a3d8]
Event: 391.777 Thread 0x00000000176fa800 11300       4       org.gradle.api.internal.notations.ModuleNotationValidation::validate (70 bytes)

GC Heap History (10 events):
Event: 11.188 GC heap before
{Heap before GC invocations=12 (full 2):
 PSYoungGen      total 140288K, used 129024K [0x00000000d5580000, 0x00000000e3100000, 0x0000000100000000)
  eden space 129024K, 100% used [0x00000000d5580000,0x00000000dd380000,0x00000000dd380000)
  from space 11264K, 0% used [0x00000000dd380000,0x00000000dd380000,0x00000000dde80000)
  to   space 12800K, 0% used [0x00000000e2480000,0x00000000e2480000,0x00000000e3100000)
 ParOldGen       total 63488K, used 17049K [0x0000000080000000, 0x0000000083e00000, 0x00000000d5580000)
  object space 63488K, 26% used [0x0000000080000000,0x00000000810a6630,0x0000000083e00000)
 Metaspace       used 40682K, capacity 42478K, committed 42664K, reserved 1085440K
  class space    used 5589K, capacity 5979K, committed 6064K, reserved 1048576K
Event: 11.204 GC heap after
Heap after GC invocations=12 (full 2):
 PSYoungGen      total 199168K, used 10609K [0x00000000d5580000, 0x00000000e2f00000, 0x0000000100000000)
  eden space 188416K, 0% used [0x00000000d5580000,0x00000000d5580000,0x00000000e0d80000)
  from space 10752K, 98% used [0x00000000e2480000,0x00000000e2edc430,0x00000000e2f00000)
  to   space 13824K, 0% used [0x00000000e1400000,0x00000000e1400000,0x00000000e2180000)
 ParOldGen       total 63488K, used 17057K [0x0000000080000000, 0x0000000083e00000, 0x00000000d5580000)
  object space 63488K, 26% used [0x0000000080000000,0x00000000810a8630,0x0000000083e00000)
 Metaspace       used 40682K, capacity 42478K, committed 42664K, reserved 1085440K
  class space    used 5589K, capacity 5979K, committed 6064K, reserved 1048576K
}
Event: 15.407 GC heap before
{Heap before GC invocations=13 (full 2):
 PSYoungGen      total 199168K, used 187650K [0x00000000d5580000, 0x00000000e2f00000, 0x0000000100000000)
  eden space 188416K, 93% used [0x00000000d5580000,0x00000000e0264688,0x00000000e0d80000)
  from space 10752K, 98% used [0x00000000e2480000,0x00000000e2edc430,0x00000000e2f00000)
  to   space 13824K, 0% used [0x00000000e1400000,0x00000000e1400000,0x00000000e2180000)
 ParOldGen       total 63488K, used 17057K [0x0000000080000000, 0x0000000083e00000, 0x00000000d5580000)
  object space 63488K, 26% used [0x0000000080000000,0x00000000810a8630,0x0000000083e00000)
 Metaspace       used 56562K, capacity 58928K, committed 59160K, reserved 1099776K
  class space    used 7740K, capacity 8209K, committed 8240K, reserved 1048576K
Event: 15.456 GC heap after
Heap after GC invocations=13 (full 2):
 PSYoungGen      total 208896K, used 13802K [0x00000000d5580000, 0x00000000e8400000, 0x0000000100000000)
  eden space 195072K, 0% used [0x00000000d5580000,0x00000000d5580000,0x00000000e1400000)
  from space 13824K, 99% used [0x00000000e1400000,0x00000000e217a828,0x00000000e2180000)
  to   space 20480K, 0% used [0x00000000e7000000,0x00000000e7000000,0x00000000e8400000)
 ParOldGen       total 63488K, used 30032K [0x0000000080000000, 0x0000000083e00000, 0x00000000d5580000)
  object space 63488K, 47% used [0x0000000080000000,0x0000000081d54370,0x0000000083e00000)
 Metaspace       used 56562K, capacity 58928K, committed 59160K, reserved 1099776K
  class space    used 7740K, capacity 8209K, committed 8240K, reserved 1048576K
}
Event: 15.456 GC heap before
{Heap before GC invocations=14 (full 3):
 PSYoungGen      total 208896K, used 13802K [0x00000000d5580000, 0x00000000e8400000, 0x0000000100000000)
  eden space 195072K, 0% used [0x00000000d5580000,0x00000000d5580000,0x00000000e1400000)
  from space 13824K, 99% used [0x00000000e1400000,0x00000000e217a828,0x00000000e2180000)
  to   space 20480K, 0% used [0x00000000e7000000,0x00000000e7000000,0x00000000e8400000)
 ParOldGen       total 63488K, used 30032K [0x0000000080000000, 0x0000000083e00000, 0x00000000d5580000)
  object space 63488K, 47% used [0x0000000080000000,0x0000000081d54370,0x0000000083e00000)
 Metaspace       used 56562K, capacity 58928K, committed 59160K, reserved 1099776K
  class space    used 7740K, capacity 8209K, committed 8240K, reserved 1048576K
Event: 15.849 GC heap after
Heap after GC invocations=14 (full 3):
 PSYoungGen      total 208896K, used 0K [0x00000000d5580000, 0x00000000e8400000, 0x0000000100000000)
  eden space 195072K, 0% used [0x00000000d5580000,0x00000000d5580000,0x00000000e1400000)
  from space 13824K, 0% used [0x00000000e1400000,0x00000000e1400000,0x00000000e2180000)
  to   space 20480K, 0% used [0x00000000e7000000,0x00000000e7000000,0x00000000e8400000)
 ParOldGen       total 98304K, used 38488K [0x0000000080000000, 0x0000000086000000, 0x00000000d5580000)
  object space 98304K, 39% used [0x0000000080000000,0x0000000082596320,0x0000000086000000)
 Metaspace       used 56539K, capacity 58850K, committed 59160K, reserved 1099776K
  class space    used 7733K, capacity 8196K, committed 8240K, reserved 1048576K
}
Event: 24.352 GC heap before
{Heap before GC invocations=15 (full 3):
 PSYoungGen      total 208896K, used 195072K [0x00000000d5580000, 0x00000000e8400000, 0x0000000100000000)
  eden space 195072K, 100% used [0x00000000d5580000,0x00000000e1400000,0x00000000e1400000)
  from space 13824K, 0% used [0x00000000e1400000,0x00000000e1400000,0x00000000e2180000)
  to   space 20480K, 0% used [0x00000000e7000000,0x00000000e7000000,0x00000000e8400000)
 ParOldGen       total 98304K, used 38488K [0x0000000080000000, 0x0000000086000000, 0x00000000d5580000)
  object space 98304K, 39% used [0x0000000080000000,0x0000000082596320,0x0000000086000000)
 Metaspace       used 64249K, capacity 67330K, committed 67608K, reserved 1107968K
  class space    used 8877K, capacity 9462K, committed 9520K, reserved 1048576K
Event: 24.379 GC heap after
Heap after GC invocations=15 (full 3):
 PSYoungGen      total 284160K, used 17344K [0x00000000d5580000, 0x00000000e8300000, 0x0000000100000000)
  eden space 264704K, 0% used [0x00000000d5580000,0x00000000d5580000,0x00000000e5800000)
  from space 19456K, 89% used [0x00000000e7000000,0x00000000e80f02b0,0x00000000e8300000)
  to   space 22016K, 0% used [0x00000000e5800000,0x00000000e5800000,0x00000000e6d80000)
 ParOldGen       total 98304K, used 38496K [0x0000000080000000, 0x0000000086000000, 0x00000000d5580000)
  object space 98304K, 39% used [0x0000000080000000,0x0000000082598320,0x0000000086000000)
 Metaspace       used 64249K, capacity 67330K, committed 67608K, reserved 1107968K
  class space    used 8877K, capacity 9462K, committed 9520K, reserved 1048576K
}
Event: 36.005 GC heap before
{Heap before GC invocations=16 (full 3):
 PSYoungGen      total 284160K, used 282048K [0x00000000d5580000, 0x00000000e8300000, 0x0000000100000000)
  eden space 264704K, 100% used [0x00000000d5580000,0x00000000e5800000,0x00000000e5800000)
  from space 19456K, 89% used [0x00000000e7000000,0x00000000e80f02b0,0x00000000e8300000)
  to   space 22016K, 0% used [0x00000000e5800000,0x00000000e5800000,0x00000000e6d80000)
 ParOldGen       total 98304K, used 38496K [0x0000000080000000, 0x0000000086000000, 0x00000000d5580000)
  object space 98304K, 39% used [0x0000000080000000,0x0000000082598320,0x0000000086000000)
 Metaspace       used 86418K, capacity 90708K, committed 91032K, reserved 1128448K
  class space    used 11790K, capacity 12608K, committed 12720K, reserved 1048576K
Event: 36.088 GC heap after
Heap after GC invocations=16 (full 3):
 PSYoungGen      total 286720K, used 22011K [0x00000000d5580000, 0x00000000e8300000, 0x0000000100000000)
  eden space 264704K, 0% used [0x00000000d5580000,0x00000000d5580000,0x00000000e5800000)
  from space 22016K, 99% used [0x00000000e5800000,0x00000000e6d7ef48,0x00000000e6d80000)
  to   space 19456K, 0% used [0x00000000e7000000,0x00000000e7000000,0x00000000e8300000)
 ParOldGen       total 98304K, used 54945K [0x0000000080000000, 0x0000000086000000, 0x00000000d5580000)
  object space 98304K, 55% used [0x0000000080000000,0x00000000835a8570,0x0000000086000000)
 Metaspace       used 86418K, capacity 90708K, committed 91032K, reserved 1128448K
  class space    used 11790K, capacity 12608K, committed 12720K, reserved 1048576K
}

Deoptimization events (10 events):
Event: 390.895 Thread 0x000000001e8b7800 Uncommon trap: reason=unstable_if action=reinterpret pc=0x000000000347f634 method=com.google.common.collect.MapMakerInternalMap$Segment.getEntry(Ljava/lang/Object;I)Lcom/google/common/collect/MapMakerInternalMap$InternalEntry; @ 4
Event: 390.901 Thread 0x000000001e8b7800 Uncommon trap: reason=unstable_if action=reinterpret pc=0x0000000003998b78 method=com.google.common.collect.MapMakerInternalMap$Segment.getEntry(Ljava/lang/Object;I)Lcom/google/common/collect/MapMakerInternalMap$InternalEntry; @ 4
Event: 391.309 Thread 0x000000001e8b7800 Uncommon trap: reason=bimorphic action=maybe_recompile pc=0x0000000003f7b960 method=com.google.common.collect.ImmutableSet.copyOf(Ljava/util/Collection;)Lcom/google/common/collect/ImmutableSet; @ 29
Event: 391.336 Thread 0x000000001e8b3000 Uncommon trap: reason=unstable_if action=reinterpret pc=0x00000000046067ac method=java.io.ObjectOutputStream.writeOrdinaryObject(Ljava/lang/Object;Ljava/io/ObjectStreamClass;Z)V @ 113
Event: 391.460 Thread 0x000000001e8b7800 Uncommon trap: reason=bimorphic action=maybe_recompile pc=0x0000000003f7b960 method=com.google.common.collect.ImmutableSet.copyOf(Ljava/util/Collection;)Lcom/google/common/collect/ImmutableSet; @ 29
Event: 391.462 Thread 0x000000001e8b7800 Uncommon trap: reason=bimorphic action=maybe_recompile pc=0x0000000003fcc208 method=java.util.stream.MatchOps$1MatchSink.accept(Ljava/lang/Object;)V @ 12
Event: 391.469 Thread 0x000000001e8b7800 Uncommon trap: reason=null_check action=make_not_entrant pc=0x000000000436603c method=org.gradle.tooling.internal.provider.runner.SubtreeFilteringBuildOperationListener.started(Lorg/gradle/internal/operations/BuildOperationDescriptor;Lorg/gradle/internal/
Event: 391.481 Thread 0x000000001e8b7800 Uncommon trap: reason=array_check action=maybe_recompile pc=0x00000000030ce678 method=com.google.common.collect.ImmutableSet.construct(I[Ljava/lang/Object;)Lcom/google/common/collect/ImmutableSet; @ 122
Event: 391.486 Thread 0x000000001e8b7800 Uncommon trap: reason=array_check action=maybe_recompile pc=0x00000000030ce678 method=com.google.common.collect.ImmutableSet.construct(I[Ljava/lang/Object;)Lcom/google/common/collect/ImmutableSet; @ 122
Event: 391.646 Thread 0x000000001e8b7800 Uncommon trap: reason=array_check action=maybe_recompile pc=0x00000000030ce678 method=com.google.common.collect.ImmutableSet.construct(I[Ljava/lang/Object;)Lcom/google/common/collect/ImmutableSet; @ 122

Classes redefined (0 events):
No events

Internal exceptions (10 events):
Event: 34.599 Thread 0x000000001e8c1800 Exception <a 'java/lang/NoSuchMethodError': <clinit>> (0x00000000e32caa48) thrown at [C:\src\AOSP-openjdk-git\hotspot\src\share\vm\prims\jni.cpp, line 1615]
Event: 34.699 Thread 0x000000001a593800 Exception <a 'java/lang/NoSuchMethodError': java.lang.Object.newSystemTemporaryDirectory()Lcom/android/tools/build/apkzlib/bytestorage/TemporaryDirectory;> (0x00000000e3518378) thrown at [C:\src\AOSP-openjdk-git\hotspot\src\share\vm\interpreter\linkResolv
Event: 34.817 Thread 0x000000001a593800 Exception <a 'java/lang/NoSuchMethodError': java.lang.Object.lambda$static$0(Lcom/android/apksig/util/RunnablesProvider;)V> (0x00000000e37efeb0) thrown at [C:\src\AOSP-openjdk-git\hotspot\src\share\vm\interpreter\linkResolver.cpp, line 620]
Event: 35.274 Thread 0x000000001b15f000 Implicit null exception at 0x00000000042ba9b4 to 0x00000000042bc35d
Event: 35.280 Thread 0x000000001b15f000 Implicit null exception at 0x00000000042aa12c to 0x00000000042aa175
Event: 35.470 Thread 0x000000001b15f000 Implicit null exception at 0x00000000037437a7 to 0x0000000003743c4d
Event: 390.751 Thread 0x000000001e8b7800 Implicit null exception at 0x000000000461a1ad to 0x000000000461e869
Event: 391.341 Thread 0x000000001e8b7800 Exception <a 'sun/nio/fs/WindowsException'> (0x00000000d8739508) thrown at [C:\src\AOSP-openjdk-git\hotspot\src\share\vm\prims\jni.cpp, line 710]
Event: 391.469 Thread 0x000000001e8b7800 Implicit null exception at 0x0000000004365895 to 0x0000000004366015
Event: 391.554 Thread 0x000000001e8b7800 Exception <a 'sun/nio/fs/WindowsException'> (0x00000000d8bb1f18) thrown at [C:\src\AOSP-openjdk-git\hotspot\src\share\vm\prims\jni.cpp, line 710]

Events (10 events):
Event: 391.756 Executing VM operation: RevokeBias done
Event: 391.756 Thread 0x00000000176fd800 flushing nmethod 0x0000000002dbd550
Event: 391.757 Thread 0x00000000176fd800 flushing nmethod 0x0000000002ec7110
Event: 391.761 Thread 0x00000000176fd800 flushing nmethod 0x0000000002ffdbd0
Event: 391.762 Executing VM operation: RevokeBias
Event: 391.763 Executing VM operation: RevokeBias done
Event: 391.766 Executing VM operation: RevokeBias
Event: 391.766 Executing VM operation: RevokeBias done
Event: 391.777 Thread 0x00000000176fa800 flushing nmethod 0x00000000034f78d0
Event: 391.777 Thread 0x00000000176fa800 flushing nmethod 0x0000000003526850


Dynamic libraries:
0x00007ff64f510000 - 0x00007ff64f541000 	D:\AndroidStudio\jre\bin\java.exe
0x00007ff901e10000 - 0x00007ff902005000 	C:\WINDOWS\SYSTEM32\ntdll.dll
0x00007ff9005e0000 - 0x00007ff90069d000 	C:\WINDOWS\System32\KERNEL32.DLL
0x00007ff8ff6b0000 - 0x00007ff8ff979000 	C:\WINDOWS\System32\KERNELBASE.dll
0x00007ff900ab0000 - 0x00007ff900b5c000 	C:\WINDOWS\System32\ADVAPI32.dll
0x00007ff901290000 - 0x00007ff90132e000 	C:\WINDOWS\System32\msvcrt.dll
0x00007ff900040000 - 0x00007ff9000dc000 	C:\WINDOWS\System32\sechost.dll
0x00007ff901330000 - 0x00007ff90145b000 	C:\WINDOWS\System32\RPCRT4.dll
0x00007ff8ffea0000 - 0x00007ff900040000 	C:\WINDOWS\System32\USER32.dll
0x00007ff8ffc60000 - 0x00007ff8ffc82000 	C:\WINDOWS\System32\win32u.dll
0x00007ff901260000 - 0x00007ff90128a000 	C:\WINDOWS\System32\GDI32.dll
0x00007ff8ffd60000 - 0x00007ff8ffe6b000 	C:\WINDOWS\System32\gdi32full.dll
0x00007ff8ffb60000 - 0x00007ff8ffbfd000 	C:\WINDOWS\System32\msvcp_win.dll
0x00007ff8ff9b0000 - 0x00007ff8ffab0000 	C:\WINDOWS\System32\ucrtbase.dll
0x00007ff8e1170000 - 0x00007ff8e140a000 	C:\WINDOWS\WinSxS\amd64_microsoft.windows.common-controls_6595b64144ccf1df_6.0.19041.844_none_ca00b6081b84eb1d\COMCTL32.dll
0x00007ff8ffe70000 - 0x00007ff8ffea0000 	C:\WINDOWS\System32\IMM32.DLL
0x0000000064430000 - 0x0000000064502000 	D:\AndroidStudio\jre\jre\bin\msvcr100.dll
0x0000000063780000 - 0x0000000063fcb000 	D:\AndroidStudio\jre\jre\bin\server\jvm.dll
0x00007ff901460000 - 0x00007ff901468000 	C:\WINDOWS\System32\PSAPI.DLL
0x00007ff8f80f0000 - 0x00007ff8f80f9000 	C:\WINDOWS\SYSTEM32\WSOCK32.dll
0x00007ff901180000 - 0x00007ff9011eb000 	C:\WINDOWS\System32\WS2_32.dll
0x00007ff8e42e0000 - 0x00007ff8e4307000 	C:\WINDOWS\SYSTEM32\WINMM.dll
0x00007ff8f1460000 - 0x00007ff8f146a000 	C:\WINDOWS\SYSTEM32\VERSION.dll
0x00007ff8f80e0000 - 0x00007ff8f80ef000 	D:\AndroidStudio\jre\jre\bin\verify.dll
0x00007ff8e0870000 - 0x00007ff8e0899000 	D:\AndroidStudio\jre\jre\bin\java.dll
0x00007ff8e7310000 - 0x00007ff8e7326000 	D:\AndroidStudio\jre\jre\bin\zip.dll
0x00007ff901680000 - 0x00007ff901dc2000 	C:\WINDOWS\System32\SHELL32.dll
0x00007ff8fd450000 - 0x00007ff8fdbe0000 	C:\WINDOWS\SYSTEM32\windows.storage.dll
0x00007ff900750000 - 0x00007ff900aa5000 	C:\WINDOWS\System32\combase.dll
0x00007ff8fefc0000 - 0x00007ff8fefec000 	C:\WINDOWS\SYSTEM32\Wldp.dll
0x00007ff900f00000 - 0x00007ff900fae000 	C:\WINDOWS\System32\SHCORE.dll
0x00007ff900d80000 - 0x00007ff900dd5000 	C:\WINDOWS\System32\shlwapi.dll
0x00007ff8ff490000 - 0x00007ff8ff4af000 	C:\WINDOWS\SYSTEM32\profapi.dll
0x00007ff8e0730000 - 0x00007ff8e074a000 	D:\AndroidStudio\jre\jre\bin\net.dll
0x00007ff8fed40000 - 0x00007ff8fedaa000 	C:\WINDOWS\system32\mswsock.dll
0x00007ff8e05f0000 - 0x00007ff8e0603000 	D:\AndroidStudio\jre\jre\bin\nio.dll
0x00007ff8cb730000 - 0x00007ff8cb757000 	C:\Users\TechLine\.gradle\native\f6784746aeab05261644944871eae4fe03e0ef1612fff0a4a95f87b438bc6780\windows-amd64\native-platform.dll
0x00007ff8f80b0000 - 0x00007ff8f80bd000 	D:\AndroidStudio\jre\jre\bin\management.dll
0x00007ff8fef20000 - 0x00007ff8fef38000 	C:\WINDOWS\SYSTEM32\CRYPTSP.dll
0x00007ff8fe670000 - 0x00007ff8fe6a4000 	C:\WINDOWS\system32\rsaenh.dll
0x00007ff8ff980000 - 0x00007ff8ff9a7000 	C:\WINDOWS\System32\bcrypt.dll
0x00007ff8ff410000 - 0x00007ff8ff43e000 	C:\WINDOWS\SYSTEM32\USERENV.dll
0x00007ff8ffc90000 - 0x00007ff8ffd10000 	C:\WINDOWS\System32\bcryptprimitives.dll
0x00007ff8fef10000 - 0x00007ff8fef1c000 	C:\WINDOWS\SYSTEM32\CRYPTBASE.dll
0x00007ff8fe9e0000 - 0x00007ff8fea1b000 	C:\WINDOWS\SYSTEM32\IPHLPAPI.DLL
0x00007ff900bc0000 - 0x00007ff900bc8000 	C:\WINDOWS\System32\NSI.dll
0x00007ff8f4f50000 - 0x00007ff8f4f67000 	C:\WINDOWS\SYSTEM32\dhcpcsvc6.DLL
0x00007ff8f4f30000 - 0x00007ff8f4f4d000 	C:\WINDOWS\SYSTEM32\dhcpcsvc.DLL
0x00007ff8fea30000 - 0x00007ff8feafb000 	C:\WINDOWS\SYSTEM32\DNSAPI.dll
0x00007ff8f5070000 - 0x00007ff8f507b000 	C:\WINDOWS\SYSTEM32\WINNSI.DLL

VM Arguments:
jvm_args: -Xmx2048m -Dfile.encoding=UTF-8 -Duser.country=RU -Duser.language=ru -Duser.variant 
java_command: org.gradle.launcher.daemon.bootstrap.GradleDaemon 6.5
java_class_path (initial): C:\Users\TechLine\.gradle\wrapper\dists\gradle-6.5-bin\6nifqtx7604sqp1q6g8wikw7p\gradle-6.5\lib\gradle-launcher-6.5.jar
Launcher Type: SUN_STANDARD

Environment Variables:
PATH=C:\Program Files (x86)\Common Files\Oracle\Java\javapath;C:\Windows\system32;C:\Windows;C:\Windows\System32\Wbem;C:\Windows\System32\WindowsPowerShell\v1.0\;C:\Windows\System32\OpenSSH\;C:\Program Files (x86)\NVIDIA Corporation\PhysX\Common;C:\Program Files\NVIDIA Corporation\NVIDIA NvDLISR;C:\Program Files\Java\jdk-14.0.2\bin;C:\Program Files\nodejs\;C:\ProgramData\chocolatey\bin;C:\WINDOWS\system32;C:\WINDOWS;C:\WINDOWS\System32\Wbem;C:\WINDOWS\System32\WindowsPowerShell\v1.0\;C:\WINDOWS\System32\OpenSSH\;D:\Git\cmd;C:\Users\TechLine\AppData\Local\Microsoft\WindowsApps;C:\Program Files\JetBrains\IntelliJ IDEA Community Edition 2020.2.1\bin;C:\Users\TechLine\AppData\Roaming\npm;C:\Users\TechLine\AppData\Local\atom\bin;C:\Users\TechLine\AppData\Local\Microsoft\WindowsApps
USERNAME=TechLine
OS=Windows_NT
PROCESSOR_IDENTIFIER=Intel64 Family 6 Model 142 Stepping 9, GenuineIntel



---------------  S Y S T E M  ---------------

OS: Windows 10.0 , 64 bit Build 19041 (10.0.19041.804)

CPU:total 4 (initial active 4) (2 cores per cpu, 2 threads per core) family 6 model 142 stepping 9, cmov, cx8, fxsr, mmx, sse, sse2, sse3, ssse3, sse4.1, sse4.2, popcnt, avx, avx2, aes, clmul, erms, 3dnowpref, lzcnt, ht, tsc, tscinvbit, bmi1, bmi2, adx

Memory: 4k page, physical 8258788k(623488k free), swap 10355940k(3072k free)

vm_info: OpenJDK 64-Bit Server VM (25.242-b01) for windows-amd64 JRE (1.8.0_242-release-1644-b01), built by "builder" with MS VC++ 10.0 (VS2010)

time: Wed Apr 14 17:02:45 2021
timezone: Беларусь (зима)
elapsed time: 391 seconds (0d 0h 6m 31s)

