#
# There is insufficient memory for the Java Runtime Environment to continue.
# Native memory allocation (malloc) failed to allocate 1357296 bytes for Chunk::new
# Possible reasons:
#   The system is out of physical RAM or swap space
#   The process is running with CompressedOops enabled, and the Java Heap may be blocking the growth of the native heap
# Possible solutions:
#   Reduce memory load on the system
#   Increase physical memory or swap space
#   Check if swap backing store is full
#   Decrease Java heap size (-Xmx/-Xms)
#   Decrease number of Java threads
#   Decrease Java thread stack sizes (-Xss)
#   Set larger code cache with -XX:ReservedCodeCacheSize=
#   JVM is running with Unscaled Compressed Oops mode in which the Java heap is
#     placed in the first 4GB address space. The Java Heap base address is the
#     maximum limit for the native heap growth. Please use -XX:HeapBaseMinAddress
#     to set the Java Heap base and to place the Java Heap above 4GB virtual address.
# This output file may be truncated or incomplete.
#
#  Out of Memory Error (allocation.cpp:389), pid=9656, tid=0x0000000000000cd0
#
# JRE version: OpenJDK Runtime Environment (8.0_242-b01) (build 1.8.0_242-release-1644-b01)
# Java VM: OpenJDK 64-Bit Server VM (25.242-b01 mixed mode windows-amd64 compressed oops)
# Failed to write core dump. Minidumps are not enabled by default on client versions of Windows
#

---------------  T H R E A D  ---------------

Current thread (0x00000000179fb800):  JavaThread "C2 CompilerThread1" daemon [_thread_in_native, id=3280, stack(0x0000000019160000,0x0000000019260000)]

Stack: [0x0000000019160000,0x0000000019260000]
[error occurred during error reporting (printing stack bounds), id 0xc0000005]

Native frames: (J=compiled Java code, j=interpreted, Vv=VM code, C=native code)


Current CompileTask:
C2:  43788 5042 %     4       org.gradle.internal.instantiation.generator.AbstractClassGenerator::inspectType @ 107 (560 bytes)


---------------  P R O C E S S  ---------------

Java Threads: ( => current thread )
  0x000000001f7f5000 JavaThread "Cache worker for file content cache (C:\Users\TechLine\AndroidStudioProjects\MealRecipes\.gradle\6.5\fileContent)" [_thread_blocked, id=8792, stack(0x0000000029e60000,0x0000000029f60000)]
  0x000000001f7fb000 JavaThread "Memory manager" [_thread_blocked, id=5956, stack(0x0000000029860000,0x0000000029960000)]
  0x000000001f7f8000 JavaThread "pool-1-thread-1" [_thread_blocked, id=10248, stack(0x0000000029560000,0x0000000029660000)]
  0x000000001f7fc000 JavaThread "Cache worker for Build Output Cleanup Cache (C:\Users\TechLine\AndroidStudioProjects\MealRecipes\.gradle\buildOutputCleanup)" [_thread_blocked, id=10488, stack(0x0000000029960000,0x0000000029a60000)]
  0x000000001f7f9000 JavaThread "jar transforms Thread 92" [_thread_blocked, id=10552, stack(0x0000000029260000,0x0000000029360000)]
  0x000000001f7f3800 JavaThread "jar transforms Thread 91" [_thread_blocked, id=6480, stack(0x0000000029160000,0x0000000029260000)]
  0x000000001f7f6000 JavaThread "jar transforms Thread 90" [_thread_blocked, id=4872, stack(0x0000000029060000,0x0000000029160000)]
  0x000000001f7f7800 JavaThread "jar transforms Thread 89" [_thread_blocked, id=1576, stack(0x0000000028f60000,0x0000000029060000)]
  0x0000000021649800 JavaThread "jar transforms Thread 88" [_thread_blocked, id=12708, stack(0x0000000028e60000,0x0000000028f60000)]
  0x0000000021648800 JavaThread "jar transforms Thread 87" [_thread_blocked, id=3872, stack(0x0000000028d60000,0x0000000028e60000)]
  0x0000000021648000 JavaThread "jar transforms Thread 86" [_thread_blocked, id=12388, stack(0x0000000028c60000,0x0000000028d60000)]
  0x0000000021647000 JavaThread "jar transforms Thread 85" [_thread_blocked, id=9592, stack(0x0000000028b60000,0x0000000028c60000)]
  0x0000000021645800 JavaThread "jar transforms Thread 84" [_thread_blocked, id=11596, stack(0x0000000028a60000,0x0000000028b60000)]
  0x0000000021645000 JavaThread "jar transforms Thread 83" [_thread_blocked, id=8140, stack(0x0000000028960000,0x0000000028a60000)]
  0x0000000021646800 JavaThread "jar transforms Thread 82" [_thread_blocked, id=3568, stack(0x0000000028860000,0x0000000028960000)]
  0x000000002163f000 JavaThread "jar transforms Thread 81" [_thread_blocked, id=6712, stack(0x0000000028760000,0x0000000028860000)]
  0x0000000021643800 JavaThread "jar transforms Thread 80" [_thread_blocked, id=5788, stack(0x0000000028660000,0x0000000028760000)]
  0x0000000021642800 JavaThread "jar transforms Thread 79" [_thread_blocked, id=1116, stack(0x0000000028560000,0x0000000028660000)]
  0x000000002163e000 JavaThread "jar transforms Thread 78" [_thread_blocked, id=120, stack(0x0000000028460000,0x0000000028560000)]
  0x0000000021644000 JavaThread "jar transforms Thread 77" [_thread_blocked, id=6764, stack(0x0000000028360000,0x0000000028460000)]
  0x000000002163d800 JavaThread "jar transforms Thread 76" [_thread_blocked, id=388, stack(0x0000000028260000,0x0000000028360000)]
  0x000000002163c000 JavaThread "jar transforms Thread 75" [_thread_blocked, id=8260, stack(0x0000000028160000,0x0000000028260000)]
  0x000000002163b000 JavaThread "jar transforms Thread 74" [_thread_blocked, id=5536, stack(0x0000000028060000,0x0000000028160000)]
  0x000000002163c800 JavaThread "jar transforms Thread 73" [_thread_blocked, id=10816, stack(0x0000000027f60000,0x0000000028060000)]
  0x0000000021642000 JavaThread "jar transforms Thread 72" [_thread_blocked, id=10420, stack(0x0000000027e60000,0x0000000027f60000)]
  0x000000002163a800 JavaThread "jar transforms Thread 71" [_thread_blocked, id=1596, stack(0x0000000027d60000,0x0000000027e60000)]
  0x0000000021641000 JavaThread "jar transforms Thread 70" [_thread_blocked, id=4920, stack(0x0000000027c60000,0x0000000027d60000)]
  0x0000000021640800 JavaThread "jar transforms Thread 69" [_thread_blocked, id=6064, stack(0x0000000027b60000,0x0000000027c60000)]
  0x000000002163f800 JavaThread "jar transforms Thread 68" [_thread_blocked, id=3304, stack(0x0000000027a60000,0x0000000027b60000)]
  0x0000000019e90000 JavaThread "jar transforms Thread 67" [_thread_blocked, id=5056, stack(0x0000000027960000,0x0000000027a60000)]
  0x0000000019e8f000 JavaThread "jar transforms Thread 66" [_thread_blocked, id=5444, stack(0x0000000027860000,0x0000000027960000)]
  0x0000000019e8e800 JavaThread "jar transforms Thread 65" [_thread_blocked, id=2104, stack(0x0000000027760000,0x0000000027860000)]
  0x0000000019e90800 JavaThread "jar transforms Thread 64" [_thread_blocked, id=11864, stack(0x0000000027660000,0x0000000027760000)]
  0x0000000019e94800 JavaThread "jar transforms Thread 63" [_thread_blocked, id=9244, stack(0x0000000027560000,0x0000000027660000)]
  0x0000000019e92000 JavaThread "jar transforms Thread 62" [_thread_blocked, id=4012, stack(0x0000000027460000,0x0000000027560000)]
  0x0000000019e93800 JavaThread "jar transforms Thread 61" [_thread_blocked, id=2520, stack(0x0000000027360000,0x0000000027460000)]
  0x0000000019e91800 JavaThread "jar transforms Thread 60" [_thread_blocked, id=7568, stack(0x0000000027260000,0x0000000027360000)]
  0x0000000019e93000 JavaThread "jar transforms Thread 59" [_thread_blocked, id=8252, stack(0x0000000027160000,0x0000000027260000)]
  0x0000000019e87000 JavaThread "jar transforms Thread 58" [_thread_blocked, id=9236, stack(0x0000000027060000,0x0000000027160000)]
  0x0000000019e8d800 JavaThread "jar transforms Thread 57" [_thread_blocked, id=11960, stack(0x0000000026f60000,0x0000000027060000)]
  0x0000000019e86000 JavaThread "jar transforms Thread 56" [_thread_blocked, id=5852, stack(0x0000000026e60000,0x0000000026f60000)]
  0x0000000019e8d000 JavaThread "jar transforms Thread 55" [_thread_blocked, id=9100, stack(0x0000000026d60000,0x0000000026e60000)]
  0x0000000019e8c000 JavaThread "jar transforms Thread 54" [_thread_blocked, id=2296, stack(0x0000000026c60000,0x0000000026d60000)]
  0x0000000019e85800 JavaThread "jar transforms Thread 53" [_thread_blocked, id=4708, stack(0x0000000026b60000,0x0000000026c60000)]
  0x0000000019e8a800 JavaThread "jar transforms Thread 52" [_thread_blocked, id=980, stack(0x0000000026a60000,0x0000000026b60000)]
  0x0000000019e8a000 JavaThread "jar transforms Thread 51" [_thread_blocked, id=11184, stack(0x0000000026960000,0x0000000026a60000)]
  0x0000000019e87800 JavaThread "jar transforms Thread 50" [_thread_blocked, id=11228, stack(0x0000000026860000,0x0000000026960000)]
  0x0000000019e8b800 JavaThread "jar transforms Thread 49" [_thread_blocked, id=8428, stack(0x0000000026760000,0x0000000026860000)]
  0x0000000019e89000 JavaThread "jar transforms Thread 48" [_thread_blocked, id=10532, stack(0x0000000026660000,0x0000000026760000)]
  0x0000000019e88800 JavaThread "jar transforms Thread 47" [_thread_blocked, id=1252, stack(0x0000000026560000,0x0000000026660000)]
  0x000000001a2a1000 JavaThread "jar transforms Thread 46" [_thread_blocked, id=5360, stack(0x0000000026460000,0x0000000026560000)]
  0x000000001a2a0800 JavaThread "jar transforms Thread 45" [_thread_blocked, id=3608, stack(0x0000000026360000,0x0000000026460000)]
  0x000000001a29f800 JavaThread "jar transforms Thread 44" [_thread_blocked, id=11340, stack(0x0000000026260000,0x0000000026360000)]
  0x000000001a29f000 JavaThread "jar transforms Thread 43" [_thread_blocked, id=2440, stack(0x0000000026160000,0x0000000026260000)]
  0x000000001a29e000 JavaThread "jar transforms Thread 42" [_thread_blocked, id=7428, stack(0x0000000026060000,0x0000000026160000)]
  0x000000001a2a2000 JavaThread "jar transforms Thread 41" [_thread_blocked, id=3240, stack(0x0000000025f60000,0x0000000026060000)]
  0x000000001a29d800 JavaThread "jar transforms Thread 40" [_thread_blocked, id=4308, stack(0x0000000025e60000,0x0000000025f60000)]
  0x000000001a29c800 JavaThread "jar transforms Thread 39" [_thread_blocked, id=7864, stack(0x0000000025d60000,0x0000000025e60000)]
  0x000000001a295000 JavaThread "jar transforms Thread 38" [_thread_blocked, id=8280, stack(0x0000000025c60000,0x0000000025d60000)]
  0x000000001a29c000 JavaThread "jar transforms Thread 37" [_thread_blocked, id=260, stack(0x0000000025b60000,0x0000000025c60000)]
  0x000000001a29b000 JavaThread "jar transforms Thread 36" [_thread_blocked, id=2160, stack(0x0000000025a60000,0x0000000025b60000)]
  0x000000001a298000 JavaThread "jar transforms Thread 35" [_thread_blocked, id=6268, stack(0x0000000025960000,0x0000000025a60000)]
  0x000000001a293800 JavaThread "jar transforms Thread 34" [_thread_blocked, id=1964, stack(0x0000000025860000,0x0000000025960000)]
  0x000000001a299800 JavaThread "jar transforms Thread 33" [_thread_blocked, id=11160, stack(0x0000000025760000,0x0000000025860000)]
  0x000000001a294800 JavaThread "jar transforms Thread 32" [_thread_blocked, id=4736, stack(0x0000000025660000,0x0000000025760000)]
  0x000000001a297800 JavaThread "jar transforms Thread 31" [_thread_blocked, id=9816, stack(0x0000000025560000,0x0000000025660000)]
  0x000000001a29a800 JavaThread "jar transforms Thread 30" [_thread_blocked, id=5900, stack(0x0000000025460000,0x0000000025560000)]
  0x000000001a296000 JavaThread "jar transforms Thread 29" [_thread_blocked, id=13252, stack(0x0000000025360000,0x0000000025460000)]
  0x000000001a299000 JavaThread "jar transforms Thread 28" [_thread_blocked, id=8784, stack(0x0000000025260000,0x0000000025360000)]
  0x000000001a296800 JavaThread "jar transforms Thread 27" [_thread_blocked, id=8236, stack(0x0000000025160000,0x0000000025260000)]
  0x000000001a293000 JavaThread "jar transforms Thread 26" [_thread_blocked, id=13232, stack(0x0000000025060000,0x0000000025160000)]
  0x000000001a205000 JavaThread "jar transforms Thread 25" [_thread_blocked, id=7264, stack(0x0000000024f60000,0x0000000025060000)]
  0x000000001a204800 JavaThread "jar transforms Thread 24" [_thread_blocked, id=3984, stack(0x0000000024e60000,0x0000000024f60000)]
  0x000000001a203000 JavaThread "jar transforms Thread 23" [_thread_blocked, id=2148, stack(0x0000000024d60000,0x0000000024e60000)]
  0x000000001a1ff000 JavaThread "jar transforms Thread 22" [_thread_blocked, id=7504, stack(0x0000000024c60000,0x0000000024d60000)]
  0x000000001a200000 JavaThread "jar transforms Thread 21" [_thread_blocked, id=3920, stack(0x0000000024b60000,0x0000000024c60000)]
  0x000000001a202000 JavaThread "jar transforms Thread 20" [_thread_blocked, id=1164, stack(0x0000000024a60000,0x0000000024b60000)]
  0x000000001a200800 JavaThread "jar transforms Thread 19" [_thread_blocked, id=9600, stack(0x0000000024960000,0x0000000024a60000)]
  0x000000001a203800 JavaThread "jar transforms Thread 18" [_thread_blocked, id=6032, stack(0x0000000024860000,0x0000000024960000)]
  0x000000001a201800 JavaThread "jar transforms Thread 17" [_thread_blocked, id=7584, stack(0x0000000024760000,0x0000000024860000)]
  0x000000001a1fe800 JavaThread "jar transforms Thread 16" [_thread_blocked, id=9320, stack(0x0000000024660000,0x0000000024760000)]
  0x000000001a393800 JavaThread "jar transforms Thread 15" [_thread_blocked, id=6348, stack(0x0000000024560000,0x0000000024660000)]
  0x000000001a390800 JavaThread "jar transforms Thread 14" [_thread_blocked, id=7708, stack(0x0000000024460000,0x0000000024560000)]
  0x000000001a392000 JavaThread "jar transforms Thread 13" [_thread_blocked, id=12588, stack(0x0000000024360000,0x0000000024460000)]
  0x000000001a391800 JavaThread "jar transforms Thread 12" [_thread_blocked, id=12896, stack(0x0000000024260000,0x0000000024360000)]
  0x000000001a397800 JavaThread "jar transforms Thread 11" [_thread_blocked, id=4056, stack(0x0000000024160000,0x0000000024260000)]
  0x000000001a393000 JavaThread "jar transforms Thread 10" [_thread_blocked, id=7640, stack(0x0000000024060000,0x0000000024160000)]
  0x000000001a394800 JavaThread "jar transforms Thread 9" [_thread_blocked, id=5324, stack(0x0000000023f60000,0x0000000024060000)]
  0x000000001a395000 JavaThread "jar transforms Thread 8" [_thread_blocked, id=2616, stack(0x0000000023e60000,0x0000000023f60000)]
  0x000000001a390000 JavaThread "jar transforms Thread 7" [_thread_blocked, id=8124, stack(0x0000000023d60000,0x0000000023e60000)]
  0x000000001a396000 JavaThread "jar transforms Thread 6" [_thread_blocked, id=12208, stack(0x0000000023c60000,0x0000000023d60000)]
  0x000000001a396800 JavaThread "jar transforms Thread 5" [_thread_blocked, id=11868, stack(0x0000000023b60000,0x0000000023c60000)]
  0x000000001a388800 JavaThread "jar transforms Thread 4" [_thread_blocked, id=12072, stack(0x0000000023a60000,0x0000000023b60000)]
  0x000000001a38f000 JavaThread "jar transforms Thread 3" [_thread_blocked, id=10792, stack(0x0000000023960000,0x0000000023a60000)]
  0x000000001a38d800 JavaThread "jar transforms Thread 2" [_thread_blocked, id=12656, stack(0x0000000023860000,0x0000000023960000)]
  0x000000001a38a800 JavaThread "Build operations Thread 4" [_thread_blocked, id=10416, stack(0x0000000023760000,0x0000000023860000)]
  0x000000001a38a000 JavaThread "Build operations Thread 3" [_thread_blocked, id=10460, stack(0x0000000023660000,0x0000000023760000)]
  0x000000001a38d000 JavaThread "Build operations Thread 2" [_thread_blocked, id=8608, stack(0x0000000023560000,0x0000000023660000)]
  0x000000001a389000 JavaThread "Build operations" [_thread_blocked, id=1632, stack(0x0000000023460000,0x0000000023560000)]
  0x000000001b80f000 JavaThread "Cache worker for file content cache (C:\Users\TechLine\.gradle\caches\6.5\fileContent)" [_thread_blocked, id=1748, stack(0x0000000021d90000,0x0000000021e90000)]
  0x000000001b812000 JavaThread "jar transforms" [_thread_blocked, id=1416, stack(0x0000000021c90000,0x0000000021d90000)]
  0x000000001b811800 JavaThread "Cache worker for execution history cache (C:\Users\TechLine\.gradle\caches\6.5\executionHistory)" [_thread_blocked, id=5412, stack(0x0000000020250000,0x0000000020350000)]
  0x000000001b810000 JavaThread "Cache worker for cache directory md-rule (C:\Users\TechLine\.gradle\caches\6.5\md-rule)" [_thread_blocked, id=11024, stack(0x0000000020150000,0x0000000020250000)]
  0x000000001b814800 JavaThread "Cache worker for cache directory md-supplier (C:\Users\TechLine\.gradle\caches\6.5\md-supplier)" [_thread_blocked, id=3376, stack(0x0000000020050000,0x0000000020150000)]
  0x000000001b813000 JavaThread "Cache worker for checksums cache (C:\Users\TechLine\AndroidStudioProjects\MealRecipes\.gradle\checksums)" [_thread_blocked, id=2276, stack(0x000000001ff50000,0x0000000020050000)]
  0x000000001b813800 JavaThread "Cache worker for file hash cache (C:\Users\TechLine\AndroidStudioProjects\MealRecipes\.gradle\6.5\fileHashes)" [_thread_blocked, id=8332, stack(0x00000000203c0000,0x00000000204c0000)]
  0x000000001b810800 JavaThread "Cache worker for file hash cache (C:\Users\TechLine\.gradle\caches\6.5\fileHashes)" [_thread_blocked, id=5804, stack(0x000000001dab0000,0x000000001dbb0000)]
  0x000000001b80e800 JavaThread "File lock request listener" [_thread_in_native, id=5656, stack(0x000000001d9b0000,0x000000001dab0000)]
  0x000000001b80c000 JavaThread "Cache worker for journal cache (C:\Users\TechLine\.gradle\caches\journal-1)" [_thread_blocked, id=12856, stack(0x000000001d7b0000,0x000000001d8b0000)]
  0x000000001b5dd000 JavaThread "Thread-9" [_thread_blocked, id=2348, stack(0x000000001d4b0000,0x000000001d5b0000)]
  0x000000001b45f800 JavaThread "Stdin handler" [_thread_blocked, id=12740, stack(0x000000001d3b0000,0x000000001d4b0000)]
  0x000000001b5a9800 JavaThread "Asynchronous log dispatcher for DefaultDaemonConnection: socket connection from /127.0.0.1:61013 to /127.0.0.1:61014" [_thread_blocked, id=964, stack(0x000000001d2b0000,0x000000001d3b0000)]
  0x000000001b5aa000 JavaThread "Daemon worker" [_thread_in_Java, id=3292, stack(0x000000001d1b0000,0x000000001d2b0000)]
  0x000000001b45c800 JavaThread "Cancel handler" [_thread_blocked, id=5540, stack(0x000000001d0b0000,0x000000001d1b0000)]
  0x000000001b12e000 JavaThread "Handler for socket connection from /127.0.0.1:61013 to /127.0.0.1:61014" [_thread_in_native, id=10356, stack(0x000000001cdb0000,0x000000001ceb0000)]
  0x000000001b4d4800 JavaThread "Daemon" [_thread_blocked, id=8056, stack(0x000000001ccb0000,0x000000001cdb0000)]
  0x000000001b4cf800 JavaThread "Daemon periodic checks" [_thread_blocked, id=10360, stack(0x000000001cbb0000,0x000000001ccb0000)]
  0x000000001b42c800 JavaThread "Incoming local TCP Connector on port 61013" [_thread_in_native, id=8844, stack(0x000000001c960000,0x000000001ca60000)]
  0x00000000196f9000 JavaThread "Daemon health stats" [_thread_blocked, id=2328, stack(0x000000001c300000,0x000000001c400000)]
  0x0000000019380800 JavaThread "Service Thread" daemon [_thread_blocked, id=9260, stack(0x0000000019760000,0x0000000019860000)]
  0x0000000017a02800 JavaThread "C1 CompilerThread2" daemon [_thread_blocked, id=6856, stack(0x0000000019260000,0x0000000019360000)]
=>0x00000000179fb800 JavaThread "C2 CompilerThread1" daemon [_thread_in_native, id=3280, stack(0x0000000019160000,0x0000000019260000)]
  0x00000000179f6800 JavaThread "C2 CompilerThread0" daemon [_thread_in_native, id=11168, stack(0x0000000019060000,0x0000000019160000)]
  0x00000000179f5000 JavaThread "Attach Listener" daemon [_thread_blocked, id=2452, stack(0x0000000018f60000,0x0000000019060000)]
  0x00000000179f3000 JavaThread "Signal Dispatcher" daemon [_thread_blocked, id=12936, stack(0x0000000018e60000,0x0000000018f60000)]
  0x0000000002d94000 JavaThread "Finalizer" daemon [_thread_blocked, id=9692, stack(0x0000000018c40000,0x0000000018d40000)]
  0x0000000002d91000 JavaThread "Reference Handler" daemon [_thread_blocked, id=10440, stack(0x0000000018b40000,0x0000000018c40000)]
  0x0000000002b9d800 JavaThread "main" [_thread_blocked, id=9688, stack(0x0000000002ba0000,0x0000000002ca0000)]

Other Threads:
  0x00000000179b6800 VMThread [stack: 0x0000000018a40000,0x0000000018b40000] [id=9700]
  0x0000000017a4a800 WatcherThread [stack: 0x0000000019860000,0x0000000019960000] [id=5488]

VM state:not at safepoint (normal execution)

VM Mutex/Monitor currently owned by a thread: None

heap address: 0x0000000080000000, size: 2048 MB, Compressed Oops mode: 32-bit
Narrow klass base: 0x0000000000000000, Narrow klass shift: 3
Compressed class space size: 1073741824 Address: 0x0000000100000000

Heap:
 PSYoungGen      total 138240K, used 37533K [0x00000000d5580000, 0x00000000de180000, 0x0000000100000000)
  eden space 133120K, 28% used [0x00000000d5580000,0x00000000d7a275e0,0x00000000dd780000)
  from space 5120K, 0% used [0x00000000ddc80000,0x00000000ddc80000,0x00000000de180000)
  to   space 5120K, 0% used [0x00000000dd780000,0x00000000dd780000,0x00000000ddc80000)
 ParOldGen       total 116736K, used 39058K [0x0000000080000000, 0x0000000087200000, 0x00000000d5580000)
  object space 116736K, 33% used [0x0000000080000000,0x0000000082624868,0x0000000087200000)
 Metaspace       used 59221K, capacity 61586K, committed 61720K, reserved 1101824K
  class space    used 8175K, capacity 8664K, committed 8752K, reserved 1048576K

Card table byte_map: [0x0000000012160000,0x0000000012570000] byte_map_base: 0x0000000011d60000

Marking Bits: (ParMarkBitMap*) 0x0000000063f4f030
 Begin Bits: [0x0000000012c20000, 0x0000000014c20000)
 End Bits:   [0x0000000014c20000, 0x0000000016c20000)

Polling page: 0x0000000001160000

CodeCache: size=245760Kb used=16668Kb max_used=16668Kb free=229091Kb
 bounds [0x0000000002da0000, 0x0000000003e00000, 0x0000000011da0000]
 total_blobs=5606 nmethods=4828 adapters=690
 compilation: enabled

Compilation events (10 events):
Event: 43.729 Thread 0x0000000017a02800 5259       1       org.codehaus.groovy.runtime.metaclass.MetaClassRegistryImpl::getMetaClassCreationHandler (5 bytes)
Event: 43.730 Thread 0x0000000017a02800 nmethod 5259 0x0000000003defb10 code [0x0000000003defc60, 0x0000000003defd70]
Event: 43.730 Thread 0x0000000017a02800 5260       1       org.gradle.internal.metaobject.BeanDynamicObject::access$500 (5 bytes)
Event: 43.730 Thread 0x0000000017a02800 nmethod 5260 0x0000000003defdd0 code [0x0000000003deff20, 0x0000000003df0010]
Event: 43.736 Thread 0x0000000017a02800 5261       2       org.gradle.internal.instantiation.generator.AbstractClassGenerator$InjectionAnnotationValidator::validateMethod (166 bytes)
Event: 43.737 Thread 0x0000000017a02800 nmethod 5261 0x0000000003df0390 code [0x0000000003df0620, 0x0000000003df0ec8]
Event: 43.742 Thread 0x0000000017a02800 5262       2       com.google.common.collect.ImmutableSet::of (4 bytes)
Event: 43.742 Thread 0x0000000017a02800 nmethod 5262 0x0000000003df1750 code [0x0000000003df18a0, 0x0000000003df19d0]
Event: 43.779 Thread 0x0000000017a02800 5263       2       org.gradle.api.internal.DefaultNamedDomainObjectCollection::findByName (61 bytes)
Event: 43.779 Thread 0x0000000017a02800 nmethod 5263 0x0000000003df1a50 code [0x0000000003df1c00, 0x0000000003df1eb8]

GC Heap History (10 events):
Event: 9.683 GC heap before
{Heap before GC invocations=9 (full 2):
 PSYoungGen      total 138240K, used 5120K [0x00000000d5580000, 0x00000000de180000, 0x0000000100000000)
  eden space 133120K, 0% used [0x00000000d5580000,0x00000000d5580000,0x00000000dd780000)
  from space 5120K, 100% used [0x00000000dd780000,0x00000000ddc80000,0x00000000ddc80000)
  to   space 5120K, 0% used [0x00000000ddc80000,0x00000000ddc80000,0x00000000de180000)
 ParOldGen       total 53248K, used 17731K [0x0000000080000000, 0x0000000083400000, 0x00000000d5580000)
  object space 53248K, 33% used [0x0000000080000000,0x0000000081150d80,0x0000000083400000)
 Metaspace       used 34357K, capacity 35432K, committed 35496K, reserved 1079296K
  class space    used 4727K, capacity 5007K, committed 5040K, reserved 1048576K
Event: 9.796 GC heap after
Heap after GC invocations=9 (full 2):
 PSYoungGen      total 138240K, used 0K [0x00000000d5580000, 0x00000000de180000, 0x0000000100000000)
  eden space 133120K, 0% used [0x00000000d5580000,0x00000000d5580000,0x00000000dd780000)
  from space 5120K, 0% used [0x00000000dd780000,0x00000000dd780000,0x00000000ddc80000)
  to   space 5120K, 0% used [0x00000000ddc80000,0x00000000ddc80000,0x00000000de180000)
 ParOldGen       total 76288K, used 14826K [0x0000000080000000, 0x0000000084a80000, 0x00000000d5580000)
  object space 76288K, 19% used [0x0000000080000000,0x0000000080e7aa70,0x0000000084a80000)
 Metaspace       used 34357K, capacity 35432K, committed 35496K, reserved 1079296K
  class space    used 4727K, capacity 5007K, committed 5040K, reserved 1048576K
}
Event: 37.766 GC heap before
{Heap before GC invocations=10 (full 2):
 PSYoungGen      total 138240K, used 133120K [0x00000000d5580000, 0x00000000de180000, 0x0000000100000000)
  eden space 133120K, 100% used [0x00000000d5580000,0x00000000dd780000,0x00000000dd780000)
  from space 5120K, 0% used [0x00000000dd780000,0x00000000dd780000,0x00000000ddc80000)
  to   space 5120K, 0% used [0x00000000ddc80000,0x00000000ddc80000,0x00000000de180000)
 ParOldGen       total 76288K, used 14826K [0x0000000080000000, 0x0000000084a80000, 0x00000000d5580000)
  object space 76288K, 19% used [0x0000000080000000,0x0000000080e7aa70,0x0000000084a80000)
 Metaspace       used 40444K, capacity 42170K, committed 42408K, reserved 1085440K
  class space    used 5571K, capacity 5945K, committed 6064K, reserved 1048576K
Event: 37.778 GC heap after
Heap after GC invocations=10 (full 2):
 PSYoungGen      total 138240K, used 5088K [0x00000000d5580000, 0x00000000de180000, 0x0000000100000000)
  eden space 133120K, 0% used [0x00000000d5580000,0x00000000d5580000,0x00000000dd780000)
  from space 5120K, 99% used [0x00000000ddc80000,0x00000000de178030,0x00000000de180000)
  to   space 5120K, 0% used [0x00000000dd780000,0x00000000dd780000,0x00000000ddc80000)
 ParOldGen       total 76288K, used 19797K [0x0000000080000000, 0x0000000084a80000, 0x00000000d5580000)
  object space 76288K, 25% used [0x0000000080000000,0x00000000813557b0,0x0000000084a80000)
 Metaspace       used 40444K, capacity 42170K, committed 42408K, reserved 1085440K
  class space    used 5571K, capacity 5945K, committed 6064K, reserved 1048576K
}
Event: 41.111 GC heap before
{Heap before GC invocations=11 (full 2):
 PSYoungGen      total 138240K, used 138208K [0x00000000d5580000, 0x00000000de180000, 0x0000000100000000)
  eden space 133120K, 100% used [0x00000000d5580000,0x00000000dd780000,0x00000000dd780000)
  from space 5120K, 99% used [0x00000000ddc80000,0x00000000de178030,0x00000000de180000)
  to   space 5120K, 0% used [0x00000000dd780000,0x00000000dd780000,0x00000000ddc80000)
 ParOldGen       total 76288K, used 19797K [0x0000000080000000, 0x0000000084a80000, 0x00000000d5580000)
  object space 76288K, 25% used [0x0000000080000000,0x00000000813557b0,0x0000000084a80000)
 Metaspace       used 52938K, capacity 55102K, committed 55208K, reserved 1097728K
  class space    used 7123K, capacity 7577K, committed 7600K, reserved 1048576K
Event: 41.170 GC heap after
Heap after GC invocations=11 (full 2):
 PSYoungGen      total 138240K, used 5104K [0x00000000d5580000, 0x00000000de180000, 0x0000000100000000)
  eden space 133120K, 0% used [0x00000000d5580000,0x00000000d5580000,0x00000000dd780000)
  from space 5120K, 99% used [0x00000000dd780000,0x00000000ddc7c030,0x00000000ddc80000)
  to   space 5120K, 0% used [0x00000000ddc80000,0x00000000ddc80000,0x00000000de180000)
 ParOldGen       total 76288K, used 36993K [0x0000000080000000, 0x0000000084a80000, 0x00000000d5580000)
  object space 76288K, 48% used [0x0000000080000000,0x0000000082420618,0x0000000084a80000)
 Metaspace       used 52938K, capacity 55102K, committed 55208K, reserved 1097728K
  class space    used 7123K, capacity 7577K, committed 7600K, reserved 1048576K
}
Event: 42.440 GC heap before
{Heap before GC invocations=12 (full 2):
 PSYoungGen      total 138240K, used 51322K [0x00000000d5580000, 0x00000000de180000, 0x0000000100000000)
  eden space 133120K, 34% used [0x00000000d5580000,0x00000000d82a28e0,0x00000000dd780000)
  from space 5120K, 99% used [0x00000000dd780000,0x00000000ddc7c030,0x00000000ddc80000)
  to   space 5120K, 0% used [0x00000000ddc80000,0x00000000ddc80000,0x00000000de180000)
 ParOldGen       total 76288K, used 36993K [0x0000000080000000, 0x0000000084a80000, 0x00000000d5580000)
  object space 76288K, 48% used [0x0000000080000000,0x0000000082420618,0x0000000084a80000)
 Metaspace       used 56845K, capacity 59146K, committed 59160K, reserved 1099776K
  class space    used 7776K, capacity 8240K, committed 8240K, reserved 1048576K
Event: 42.467 GC heap after
Heap after GC invocations=12 (full 2):
 PSYoungGen      total 138240K, used 5120K [0x00000000d5580000, 0x00000000de180000, 0x0000000100000000)
  eden space 133120K, 0% used [0x00000000d5580000,0x00000000d5580000,0x00000000dd780000)
  from space 5120K, 100% used [0x00000000ddc80000,0x00000000de180000,0x00000000de180000)
  to   space 5120K, 0% used [0x00000000dd780000,0x00000000dd780000,0x00000000ddc80000)
 ParOldGen       total 76288K, used 42046K [0x0000000080000000, 0x0000000084a80000, 0x00000000d5580000)
  object space 76288K, 55% used [0x0000000080000000,0x000000008290f9c0,0x0000000084a80000)
 Metaspace       used 56845K, capacity 59146K, committed 59160K, reserved 1099776K
  class space    used 7776K, capacity 8240K, committed 8240K, reserved 1048576K
}
Event: 42.467 GC heap before
{Heap before GC invocations=13 (full 3):
 PSYoungGen      total 138240K, used 5120K [0x00000000d5580000, 0x00000000de180000, 0x0000000100000000)
  eden space 133120K, 0% used [0x00000000d5580000,0x00000000d5580000,0x00000000dd780000)
  from space 5120K, 100% used [0x00000000ddc80000,0x00000000de180000,0x00000000de180000)
  to   space 5120K, 0% used [0x00000000dd780000,0x00000000dd780000,0x00000000ddc80000)
 ParOldGen       total 76288K, used 42046K [0x0000000080000000, 0x0000000084a80000, 0x00000000d5580000)
  object space 76288K, 55% used [0x0000000080000000,0x000000008290f9c0,0x0000000084a80000)
 Metaspace       used 56845K, capacity 59146K, committed 59160K, reserved 1099776K
  class space    used 7776K, capacity 8240K, committed 8240K, reserved 1048576K
Event: 42.859 GC heap after
Heap after GC invocations=13 (full 3):
 PSYoungGen      total 138240K, used 0K [0x00000000d5580000, 0x00000000de180000, 0x0000000100000000)
  eden space 133120K, 0% used [0x00000000d5580000,0x00000000d5580000,0x00000000dd780000)
  from space 5120K, 0% used [0x00000000ddc80000,0x00000000ddc80000,0x00000000de180000)
  to   space 5120K, 0% used [0x00000000dd780000,0x00000000dd780000,0x00000000ddc80000)
 ParOldGen       total 116736K, used 39058K [0x0000000080000000, 0x0000000087200000, 0x00000000d5580000)
  object space 116736K, 33% used [0x0000000080000000,0x0000000082624868,0x0000000087200000)
 Metaspace       used 56826K, capacity 59080K, committed 59160K, reserved 1099776K
  class space    used 7770K, capacity 8229K, committed 8240K, reserved 1048576K
}

Deoptimization events (10 events):
Event: 42.020 Thread 0x000000001b5aa000 Uncommon trap: reason=unstable_if action=reinterpret pc=0x00000000033879a8 method=java.util.HashMap.getNode(ILjava/lang/Object;)Ljava/util/HashMap$Node; @ 84
Event: 42.020 Thread 0x000000001b5aa000 Uncommon trap: reason=unstable_if action=reinterpret pc=0x0000000003cad430 method=java.util.HashMap.getNode(ILjava/lang/Object;)Ljava/util/HashMap$Node; @ 84
Event: 42.056 Thread 0x000000001b5aa000 Uncommon trap: reason=unstable_if action=reinterpret pc=0x0000000003832380 method=java.io.WinNTFileSystem.normalize(Ljava/lang/String;)Ljava/lang/String; @ 74
Event: 42.056 Thread 0x000000001b5aa000 Uncommon trap: reason=unstable_if action=reinterpret pc=0x000000000370407c method=java.io.WinNTFileSystem.normalize(Ljava/lang/String;II)Ljava/lang/String; @ 103
Event: 42.881 Thread 0x000000001b5aa000 Uncommon trap: reason=bimorphic action=maybe_recompile pc=0x0000000003b22894 method=java.util.regex.Pattern$5.isSatisfiedBy(I)Z @ 16
Event: 42.881 Thread 0x000000001b5aa000 Uncommon trap: reason=bimorphic action=maybe_recompile pc=0x0000000003b22894 method=java.util.regex.Pattern$5.isSatisfiedBy(I)Z @ 16
Event: 42.881 Thread 0x000000001b5aa000 Uncommon trap: reason=bimorphic action=maybe_recompile pc=0x0000000003b22894 method=java.util.regex.Pattern$5.isSatisfiedBy(I)Z @ 16
Event: 42.881 Thread 0x000000001b5aa000 Uncommon trap: reason=bimorphic action=maybe_recompile pc=0x0000000003b22894 method=java.util.regex.Pattern$5.isSatisfiedBy(I)Z @ 16
Event: 43.586 Thread 0x000000001b5aa000 Uncommon trap: reason=unstable_if action=reinterpret pc=0x00000000033f18e8 method=java.util.regex.Pattern$BmpCharProperty.match(Ljava/util/regex/Matcher;ILjava/lang/CharSequence;)Z @ 34
Event: 43.612 Thread 0x000000001b5aa000 Uncommon trap: reason=unstable_if action=reinterpret pc=0x0000000003b6d158 method=com.sun.org.apache.xerces.internal.impl.XMLEntityScanner.scanLiteral(ILcom/sun/org/apache/xerces/internal/xni/XMLString;Z)I @ 660

Classes redefined (0 events):
No events

Internal exceptions (10 events):
Event: 42.997 Thread 0x000000001b5aa000 Exception <a 'java/lang/ClassNotFoundException': com/sun/org/glassfish/hk2/osgiresourcelocator/ServiceLoader> (0x00000000d5909e08) thrown at [C:\src\AOSP-openjdk-git\hotspot\src\share\vm\classfile\systemDictionary.cpp, line 210]
Event: 43.107 Thread 0x000000001b5aa000 Exception <a 'java/lang/NullPointerException'> (0x00000000d6021eb8) thrown at [C:\src\AOSP-openjdk-git\hotspot\src\share\vm\interpreter\linkResolver.cpp, line 1287]
Event: 43.721 Thread 0x000000001b5aa000 Exception <a 'java/lang/ClassNotFoundException': org/gradle/api/internal/file/collections/DefaultConfigurableFileTreeBeanInfo> (0x00000000d7568b80) thrown at [C:\src\AOSP-openjdk-git\hotspot\src\share\vm\classfile\systemDictionary.cpp, line 210]
Event: 43.722 Thread 0x000000001b5aa000 Exception <a 'java/lang/ClassNotFoundException': org/gradle/api/internal/file/CompositeFileTreeBeanInfo> (0x00000000d7582070) thrown at [C:\src\AOSP-openjdk-git\hotspot\src\share\vm\classfile\systemDictionary.cpp, line 210]
Event: 43.722 Thread 0x000000001b5aa000 Exception <a 'java/lang/ClassNotFoundException': org/gradle/api/internal/file/CompositeFileCollectionBeanInfo> (0x00000000d759d320) thrown at [C:\src\AOSP-openjdk-git\hotspot\src\share\vm\classfile\systemDictionary.cpp, line 210]
Event: 43.723 Thread 0x000000001b5aa000 Exception <a 'java/lang/ClassNotFoundException': org/gradle/api/internal/file/AbstractFileCollectionBeanInfo> (0x00000000d75b85d0) thrown at [C:\src\AOSP-openjdk-git\hotspot\src\share\vm\classfile\systemDictionary.cpp, line 210]
Event: 43.723 Thread 0x000000001b5aa000 Exception <a 'java/lang/ClassNotFoundException': org/gradle/api/internal/file/AbstractFileCollectionCustomizer> (0x00000000d75d3e80) thrown at [C:\src\AOSP-openjdk-git\hotspot\src\share\vm\classfile\systemDictionary.cpp, line 210]
Event: 43.724 Thread 0x000000001b5aa000 Exception <a 'java/lang/ClassNotFoundException': org/gradle/api/internal/file/CompositeFileCollectionCustomizer> (0x00000000d7600bf0) thrown at [C:\src\AOSP-openjdk-git\hotspot\src\share\vm\classfile\systemDictionary.cpp, line 210]
Event: 43.725 Thread 0x000000001b5aa000 Exception <a 'java/lang/ClassNotFoundException': org/gradle/api/internal/file/CompositeFileTreeCustomizer> (0x00000000d7626e10) thrown at [C:\src\AOSP-openjdk-git\hotspot\src\share\vm\classfile\systemDictionary.cpp, line 210]
Event: 43.726 Thread 0x000000001b5aa000 Exception <a 'java/lang/ClassNotFoundException': org/gradle/api/internal/file/collections/DefaultConfigurableFileTreeCustomizer> (0x00000000d7653998) thrown at [C:\src\AOSP-openjdk-git\hotspot\src\share\vm\classfile\systemDictionary.cpp, line 210]

Events (10 events):
Event: 43.731 loading class org/gradle/process/ExecOperations
Event: 43.731 loading class org/gradle/process/ExecOperations done
Event: 43.743 loading class com/android/build/gradle/tasks/RenderscriptCompile$CreationAction$configure$1
Event: 43.743 loading class com/android/build/gradle/tasks/RenderscriptCompile$CreationAction$configure$1 done
Event: 43.744 loading class com/android/build/gradle/tasks/RenderscriptCompile$CreationAction$configure$2
Event: 43.744 loading class com/android/build/gradle/tasks/RenderscriptCompile$CreationAction$configure$2 done
Event: 43.780 loading class com/android/build/gradle/tasks/AidlCompile$Companion
Event: 43.780 loading class com/android/build/gradle/tasks/AidlCompile$Companion done
Event: 43.785 loading class com/android/build/gradle/tasks/AidlCompile$CreationAction$configure$1
Event: 43.785 loading class com/android/build/gradle/tasks/AidlCompile$CreationAction$configure$1 done


Dynamic libraries:
0x00007ff64f510000 - 0x00007ff64f541000 	D:\AndroidStudio\jre\bin\java.exe
0x00007ff901e10000 - 0x00007ff902005000 	C:\WINDOWS\SYSTEM32\ntdll.dll
0x00007ff9005e0000 - 0x00007ff90069d000 	C:\WINDOWS\System32\KERNEL32.DLL
0x00007ff8ff6b0000 - 0x00007ff8ff979000 	C:\WINDOWS\System32\KERNELBASE.dll
0x00007ff900ab0000 - 0x00007ff900b5c000 	C:\WINDOWS\System32\ADVAPI32.dll
0x00007ff901290000 - 0x00007ff90132e000 	C:\WINDOWS\System32\msvcrt.dll
0x00007ff900040000 - 0x00007ff9000dc000 	C:\WINDOWS\System32\sechost.dll
0x00007ff901330000 - 0x00007ff90145b000 	C:\WINDOWS\System32\RPCRT4.dll
0x00007ff8ffea0000 - 0x00007ff900040000 	C:\WINDOWS\System32\USER32.dll
0x00007ff8ffc60000 - 0x00007ff8ffc82000 	C:\WINDOWS\System32\win32u.dll
0x00007ff901260000 - 0x00007ff90128a000 	C:\WINDOWS\System32\GDI32.dll
0x00007ff8ffd60000 - 0x00007ff8ffe6b000 	C:\WINDOWS\System32\gdi32full.dll
0x00007ff8ffb60000 - 0x00007ff8ffbfd000 	C:\WINDOWS\System32\msvcp_win.dll
0x00007ff8ff9b0000 - 0x00007ff8ffab0000 	C:\WINDOWS\System32\ucrtbase.dll
0x00007ff8e1170000 - 0x00007ff8e140a000 	C:\WINDOWS\WinSxS\amd64_microsoft.windows.common-controls_6595b64144ccf1df_6.0.19041.844_none_ca00b6081b84eb1d\COMCTL32.dll
0x00007ff8ffe70000 - 0x00007ff8ffea0000 	C:\WINDOWS\System32\IMM32.DLL
0x0000000064430000 - 0x0000000064502000 	D:\AndroidStudio\jre\jre\bin\msvcr100.dll
0x0000000063780000 - 0x0000000063fcb000 	D:\AndroidStudio\jre\jre\bin\server\jvm.dll
0x00007ff901460000 - 0x00007ff901468000 	C:\WINDOWS\System32\PSAPI.DLL
0x00007ff8e42e0000 - 0x00007ff8e4307000 	C:\WINDOWS\SYSTEM32\WINMM.dll
0x00007ff8f1460000 - 0x00007ff8f146a000 	C:\WINDOWS\SYSTEM32\VERSION.dll
0x00007ff8f80f0000 - 0x00007ff8f80f9000 	C:\WINDOWS\SYSTEM32\WSOCK32.dll
0x00007ff901180000 - 0x00007ff9011eb000 	C:\WINDOWS\System32\WS2_32.dll
0x00007ff8f80e0000 - 0x00007ff8f80ef000 	D:\AndroidStudio\jre\jre\bin\verify.dll
0x00007ff8e0870000 - 0x00007ff8e0899000 	D:\AndroidStudio\jre\jre\bin\java.dll
0x00007ff8e7310000 - 0x00007ff8e7326000 	D:\AndroidStudio\jre\jre\bin\zip.dll
0x00007ff901680000 - 0x00007ff901dc2000 	C:\WINDOWS\System32\SHELL32.dll
0x00007ff8fd450000 - 0x00007ff8fdbe0000 	C:\WINDOWS\SYSTEM32\windows.storage.dll
0x00007ff900750000 - 0x00007ff900aa5000 	C:\WINDOWS\System32\combase.dll
0x00007ff8fefc0000 - 0x00007ff8fefec000 	C:\WINDOWS\SYSTEM32\Wldp.dll
0x00007ff900f00000 - 0x00007ff900fae000 	C:\WINDOWS\System32\SHCORE.dll
0x00007ff900d80000 - 0x00007ff900dd5000 	C:\WINDOWS\System32\shlwapi.dll
0x00007ff8ff490000 - 0x00007ff8ff4af000 	C:\WINDOWS\SYSTEM32\profapi.dll
0x00007ff8e0730000 - 0x00007ff8e074a000 	D:\AndroidStudio\jre\jre\bin\net.dll
0x00007ff8fed40000 - 0x00007ff8fedaa000 	C:\WINDOWS\system32\mswsock.dll
0x00007ff8e0570000 - 0x00007ff8e0583000 	D:\AndroidStudio\jre\jre\bin\nio.dll
0x00007ff8cb730000 - 0x00007ff8cb757000 	C:\Users\TechLine\.gradle\native\f6784746aeab05261644944871eae4fe03e0ef1612fff0a4a95f87b438bc6780\windows-amd64\native-platform.dll
0x00007ff8f80b0000 - 0x00007ff8f80bd000 	D:\AndroidStudio\jre\jre\bin\management.dll
0x00007ff8fef20000 - 0x00007ff8fef38000 	C:\WINDOWS\SYSTEM32\CRYPTSP.dll
0x00007ff8fe670000 - 0x00007ff8fe6a4000 	C:\WINDOWS\system32\rsaenh.dll
0x00007ff8ff980000 - 0x00007ff8ff9a7000 	C:\WINDOWS\System32\bcrypt.dll
0x00007ff8ff410000 - 0x00007ff8ff43e000 	C:\WINDOWS\SYSTEM32\USERENV.dll
0x00007ff8ffc90000 - 0x00007ff8ffd10000 	C:\WINDOWS\System32\bcryptprimitives.dll
0x00007ff8fef10000 - 0x00007ff8fef1c000 	C:\WINDOWS\SYSTEM32\CRYPTBASE.dll
0x00007ff8fe9e0000 - 0x00007ff8fea1b000 	C:\WINDOWS\SYSTEM32\IPHLPAPI.DLL
0x00007ff900bc0000 - 0x00007ff900bc8000 	C:\WINDOWS\System32\NSI.dll
0x00007ff8f4f50000 - 0x00007ff8f4f67000 	C:\WINDOWS\SYSTEM32\dhcpcsvc6.DLL
0x00007ff8f4f30000 - 0x00007ff8f4f4d000 	C:\WINDOWS\SYSTEM32\dhcpcsvc.DLL
0x00007ff8fea30000 - 0x00007ff8feafb000 	C:\WINDOWS\SYSTEM32\DNSAPI.dll
0x00007ff8f5070000 - 0x00007ff8f507b000 	C:\WINDOWS\SYSTEM32\WINNSI.DLL

VM Arguments:
jvm_args: -Xmx2048m -Dfile.encoding=UTF-8 -Duser.country=RU -Duser.language=ru -Duser.variant 
java_command: org.gradle.launcher.daemon.bootstrap.GradleDaemon 6.5
java_class_path (initial): C:\Users\TechLine\.gradle\wrapper\dists\gradle-6.5-bin\6nifqtx7604sqp1q6g8wikw7p\gradle-6.5\lib\gradle-launcher-6.5.jar
Launcher Type: SUN_STANDARD

Environment Variables:
PATH=C:\Program Files (x86)\Common Files\Oracle\Java\javapath;C:\Windows\system32;C:\Windows;C:\Windows\System32\Wbem;C:\Windows\System32\WindowsPowerShell\v1.0\;C:\Windows\System32\OpenSSH\;C:\Program Files (x86)\NVIDIA Corporation\PhysX\Common;C:\Program Files\NVIDIA Corporation\NVIDIA NvDLISR;C:\Program Files\Java\jdk-14.0.2\bin;C:\Program Files\nodejs\;C:\ProgramData\chocolatey\bin;C:\WINDOWS\system32;C:\WINDOWS;C:\WINDOWS\System32\Wbem;C:\WINDOWS\System32\WindowsPowerShell\v1.0\;C:\WINDOWS\System32\OpenSSH\;D:\Git\cmd;C:\Users\TechLine\AppData\Local\Microsoft\WindowsApps;C:\Program Files\JetBrains\IntelliJ IDEA Community Edition 2020.2.1\bin;C:\Users\TechLine\AppData\Roaming\npm;C:\Users\TechLine\AppData\Local\atom\bin;C:\Users\TechLine\AppData\Local\Microsoft\WindowsApps
USERNAME=TechLine
OS=Windows_NT
PROCESSOR_IDENTIFIER=Intel64 Family 6 Model 142 Stepping 9, GenuineIntel



---------------  S Y S T E M  ---------------

OS: Windows 10.0 , 64 bit Build 19041 (10.0.19041.804)

CPU:total 4 (initial active 4) (2 cores per cpu, 2 threads per core) family 6 model 142 stepping 9, cmov, cx8, fxsr, mmx, sse, sse2, sse3, ssse3, sse4.1, sse4.2, popcnt, avx, avx2, aes, clmul, erms, 3dnowpref, lzcnt, ht, tsc, tscinvbit, bmi1, bmi2, adx

Memory: 4k page, physical 8258788k(640144k free), swap 10355940k(5900k free)

vm_info: OpenJDK 64-Bit Server VM (25.242-b01) for windows-amd64 JRE (1.8.0_242-release-1644-b01), built by "builder" with MS VC++ 10.0 (VS2010)

time: Wed Apr 14 16:53:52 2021
timezone: Беларусь (зима)
elapsed time: 43 seconds (0d 0h 0m 43s)

